This is pdfTeX, Version 3.14159265-2.6-1.40.16 (TeX Live 2015/Debian) (preloaded format=pdflatex 2018.9.5)  12 OCT 2018 18:22
entering extended mode
 restricted \write18 enabled.
 %&-line parsing enabled.
**preskitt_dissertation.tex
(./preskitt_dissertation.tex
LaTeX2e <2016/02/01>
Babel <3.9q> and hyphenation patterns for 3 language(s) loaded.
(/home/bpreskitt/texmf/tex/latex/ucsd-thesis/ucsd-thesis.cls
Document Class: ucsd-thesis 2001/04/21
(/usr/share/texlive/texmf-dist/tex/latex/base/report.cls
Document Class: report 2014/09/29 v1.4h Standard LaTeX document class
(/usr/share/texlive/texmf-dist/tex/latex/base/size12.clo
File: size12.clo 2014/09/29 v1.4h Standard LaTeX file (size option)
)
\c@part=\count79
\c@chapter=\count80
\c@section=\count81
\c@subsection=\count82
\c@subsubsection=\count83
\c@paragraph=\count84
\c@subparagraph=\count85
\c@figure=\count86
\c@table=\count87
\abovecaptionskip=\skip41
\belowcaptionskip=\skip42
\bibindent=\dimen102
)
(/home/bpreskitt/texmf/tex/latex/ucsd-thesis/uct12.sty)
\descriptionmargin=\dimen103
)
(/usr/share/texlive/texmf-dist/tex/latex/natbib/natbib.sty
Package: natbib 2010/09/13 8.31b (PWD, AO)
\bibhang=\skip43
\bibsep=\skip44
LaTeX Info: Redefining \cite on input line 694.
\c@NAT@ctr=\count88
)
(/usr/share/texlive/texmf-dist/tex/latex/amsmath/amsmath.sty
Package: amsmath 2016/03/03 v2.15a AMS math features
\@mathmargin=\skip45

For additional information on amsmath, use the `?' option.
(/usr/share/texlive/texmf-dist/tex/latex/amsmath/amstext.sty
Package: amstext 2000/06/29 v2.01 AMS text

(/usr/share/texlive/texmf-dist/tex/latex/amsmath/amsgen.sty
File: amsgen.sty 1999/11/30 v2.0 generic functions
\@emptytoks=\toks14
\ex@=\dimen104
))
(/usr/share/texlive/texmf-dist/tex/latex/amsmath/amsbsy.sty
Package: amsbsy 1999/11/29 v1.2d Bold Symbols
\pmbraise@=\dimen105
)
(/usr/share/texlive/texmf-dist/tex/latex/amsmath/amsopn.sty
Package: amsopn 1999/12/14 v2.01 operator names
)
\inf@bad=\count89
LaTeX Info: Redefining \frac on input line 199.
\uproot@=\count90
\leftroot@=\count91
LaTeX Info: Redefining \overline on input line 297.
\classnum@=\count92
\DOTSCASE@=\count93
LaTeX Info: Redefining \ldots on input line 394.
LaTeX Info: Redefining \dots on input line 397.
LaTeX Info: Redefining \cdots on input line 518.
\Mathstrutbox@=\box26
\strutbox@=\box27
\big@size=\dimen106
LaTeX Font Info:    Redeclaring font encoding OML on input line 630.
LaTeX Font Info:    Redeclaring font encoding OMS on input line 631.
\macc@depth=\count94
\c@MaxMatrixCols=\count95
\dotsspace@=\muskip10
\c@parentequation=\count96
\dspbrk@lvl=\count97
\tag@help=\toks15
\row@=\count98
\column@=\count99
\maxfields@=\count100
\andhelp@=\toks16
\eqnshift@=\dimen107
\alignsep@=\dimen108
\tagshift@=\dimen109
\tagwidth@=\dimen110
\totwidth@=\dimen111
\lineht@=\dimen112
\@envbody=\toks17
\multlinegap=\skip46
\multlinetaggap=\skip47
\mathdisplay@stack=\toks18
LaTeX Info: Redefining \[ on input line 2735.
LaTeX Info: Redefining \] on input line 2736.
)
(/usr/share/texlive/texmf-dist/tex/latex/amsfonts/amsfonts.sty
Package: amsfonts 2013/01/14 v3.01 Basic AMSFonts support
\symAMSa=\mathgroup4
\symAMSb=\mathgroup5
LaTeX Font Info:    Overwriting math alphabet `\mathfrak' in version `bold'
(Font)                  U/euf/m/n --> U/euf/b/n on input line 106.
)
(/usr/share/texlive/texmf-dist/tex/latex/amsfonts/amssymb.sty
Package: amssymb 2013/01/14 v3.01 AMS font symbols
)
(/usr/share/texlive/texmf-dist/tex/latex/amscls/amsthm.sty
Package: amsthm 2015/03/04 v2.20.2
\thm@style=\toks19
\thm@bodyfont=\toks20
\thm@headfont=\toks21
\thm@notefont=\toks22
\thm@headpunct=\toks23
\thm@preskip=\skip48
\thm@postskip=\skip49
\thm@headsep=\skip50
\dth@everypar=\toks24
)
(/usr/share/texlive/texmf-dist/tex/latex/amsmath/amscd.sty
Package: amscd 1999/11/29 v2.0 AMS Commutatitive Diagrams
\athelp@=\toks25
\minaw@=\dimen113
\bigaw@=\dimen114
\minCDarrowwidth=\dimen115
)
(/usr/share/texlive/texmf-dist/tex/latex/mathtools/mathtools.sty
Package: mathtools 2015/11/12 v1.18 mathematical typesetting tools

(/usr/share/texlive/texmf-dist/tex/latex/graphics/keyval.sty
Package: keyval 2014/10/28 v1.15 key=value parser (DPC)
\KV@toks@=\toks26
)
(/usr/share/texlive/texmf-dist/tex/latex/tools/calc.sty
Package: calc 2014/10/28 v4.3 Infix arithmetic (KKT,FJ)
\calc@Acount=\count101
\calc@Bcount=\count102
\calc@Adimen=\dimen116
\calc@Bdimen=\dimen117
\calc@Askip=\skip51
\calc@Bskip=\skip52
LaTeX Info: Redefining \setlength on input line 80.
LaTeX Info: Redefining \addtolength on input line 81.
\calc@Ccount=\count103
\calc@Cskip=\skip53
)
(/usr/share/texlive/texmf-dist/tex/latex/mathtools/mhsetup.sty
Package: mhsetup 2010/01/21 v1.2a programming setup (MH)
)
LaTeX Info: Thecontrolsequence`\('isalreadyrobust on input line 129.
LaTeX Info: Thecontrolsequence`\)'isalreadyrobust on input line 129.
LaTeX Info: Thecontrolsequence`\['isalreadyrobust on input line 129.
LaTeX Info: Thecontrolsequence`\]'isalreadyrobust on input line 129.
\g_MT_multlinerow_int=\count104
\l_MT_multwidth_dim=\dimen118
\origjot=\skip54
\l_MT_shortvdotswithinadjustabove_dim=\dimen119
\l_MT_shortvdotswithinadjustbelow_dim=\dimen120
\l_MT_above_intertext_sep=\dimen121
\l_MT_below_intertext_sep=\dimen122
\l_MT_above_shortintertext_sep=\dimen123
\l_MT_below_shortintertext_sep=\dimen124
)
(/usr/share/texlive/texmf-dist/tex/latex/algorithms/algorithm.sty
Package: algorithm 2009/08/24 v0.1 Document Style `algorithm' - floating enviro
nment

(/usr/share/texlive/texmf-dist/tex/latex/float/float.sty
Package: float 2001/11/08 v1.3d Float enhancements (AL)
\c@float@type=\count105
\float@exts=\toks27
\float@box=\box28
\@float@everytoks=\toks28
\@floatcapt=\box29
)
(/usr/share/texlive/texmf-dist/tex/latex/base/ifthen.sty
Package: ifthen 2014/09/29 v1.1c Standard LaTeX ifthen package (DPC)
)
\@float@every@algorithm=\toks29
\c@algorithm=\count106
)
(/usr/share/texlive/texmf-dist/tex/latex/algorithms/algorithmic.sty
Package: algorithmic 2009/08/24 v0.1 Document Style `algorithmic'
\c@ALC@unique=\count107
\c@ALC@line=\count108
\c@ALC@rem=\count109
\c@ALC@depth=\count110
\ALC@tlm=\skip55
\algorithmicindent=\skip56
)
(/usr/share/texlive/texmf-dist/tex/latex/caption/caption.sty
Package: caption 2016/02/21 v3.3-144 Customizing captions (AR)

(/usr/share/texlive/texmf-dist/tex/latex/caption/caption3.sty
Package: caption3 2016/02/04 v1.7-139 caption3 kernel (AR)
Package caption3 Info: TeX engine: e-TeX on input line 67.
\captionmargin=\dimen125
\captionmargin@=\dimen126
\captionwidth=\dimen127
\caption@tempdima=\dimen128
\caption@indent=\dimen129
\caption@parindent=\dimen130
\caption@hangindent=\dimen131
Package caption Info: Unknown document class (or package),
(caption)             standard defaults will be used.
)

Package caption Warning: Unsupported document class (or package) detected,
(caption)                usage of the caption package is not recommended.
See the caption package documentation for explanation.

Package caption Info: \@makecaption = \long macro:#1#2-> \vskip 10pt \setbox \@
tempboxa \hbox {#1: #2} \ifdim \wd \@tempboxa >\hsize {\ssp #1: #2}\par \else \
hbox to\hsize {\hfil \box \@tempboxa \hfil } \fi .
\c@ContinuedFloat=\count111
Package caption Info: float package is loaded.
) (/usr/share/texlive/texmf-dist/tex/latex/caption/subcaption.sty
Package: subcaption 2016/02/20 v1.1-142 Sub-captions (AR)
\c@subfigure=\count112
\c@subtable=\count113
)
(/usr/share/texlive/texmf-dist/tex/generic/xstring/xstring.sty
(/usr/share/texlive/texmf-dist/tex/generic/xstring/xstring.tex
\@xs@message=\write3
\integerpart=\count114
\decimalpart=\count115
)
Package: xstring 2013/10/13  v1.7c  String manipulations (C Tellechea)
)
(/usr/share/texlive/texmf-dist/tex/latex/scalerel/scalerel.sty
Package: scalerel 2015/02/18 v1.7 Routines for constrained scaling and stretchi
ng of objects, relative to a reference object or in absolute terms

(/usr/share/texlive/texmf-dist/tex/latex/graphics/graphicx.sty
Package: graphicx 2014/10/28 v1.0g Enhanced LaTeX Graphics (DPC,SPQR)

(/usr/share/texlive/texmf-dist/tex/latex/graphics/graphics.sty
Package: graphics 2016/01/03 v1.0q Standard LaTeX Graphics (DPC,SPQR)

(/usr/share/texlive/texmf-dist/tex/latex/graphics/trig.sty
Package: trig 2016/01/03 v1.10 sin cos tan (DPC)
)
(/usr/share/texlive/texmf-dist/tex/latex/latexconfig/graphics.cfg
File: graphics.cfg 2010/04/23 v1.9 graphics configuration of TeX Live
)
Package graphics Info: Driver file: pdftex.def on input line 95.

(/usr/share/texlive/texmf-dist/tex/latex/pdftex-def/pdftex.def
File: pdftex.def 2011/05/27 v0.06d Graphics/color for pdfTeX

(/usr/share/texlive/texmf-dist/tex/generic/oberdiek/infwarerr.sty
Package: infwarerr 2010/04/08 v1.3 Providing info/warning/error messages (HO)
)
(/usr/share/texlive/texmf-dist/tex/generic/oberdiek/ltxcmds.sty
Package: ltxcmds 2011/11/09 v1.22 LaTeX kernel commands for general use (HO)
)
\Gread@gobject=\count116
))
\Gin@req@height=\dimen132
\Gin@req@width=\dimen133
)
(/usr/share/texlive/texmf-dist/tex/latex/etoolbox/etoolbox.sty
Package: etoolbox 2015/08/02 v2.2a e-TeX tools for LaTeX (JAW)
\etb@tempcnta=\count117
)
\thesrwidth=\skip57
\thesrheight=\skip58
\srblobheight=\skip59
\srblobdepth=\skip60
\mnxsrwidth=\skip61
\prebox=\box30
\LMex=\skip62
\LMpt=\skip63
)
(/usr/share/texlive/texmf-dist/tex/latex/setspace/setspace.sty
Package: setspace 2011/12/19 v6.7a set line spacing
)
(/usr/share/texlive/texmf-dist/tex/latex/xcolor/xcolor.sty
Package: xcolor 2007/01/21 v2.11 LaTeX color extensions (UK)

(/usr/share/texlive/texmf-dist/tex/latex/latexconfig/color.cfg
File: color.cfg 2007/01/18 v1.5 color configuration of teTeX/TeXLive
)
Package xcolor Info: Driver file: pdftex.def on input line 225.
Package xcolor Info: Model `cmy' substituted by `cmy0' on input line 1337.
Package xcolor Info: Model `hsb' substituted by `rgb' on input line 1341.
Package xcolor Info: Model `RGB' extended on input line 1353.
Package xcolor Info: Model `HTML' substituted by `rgb' on input line 1355.
Package xcolor Info: Model `Hsb' substituted by `hsb' on input line 1356.
Package xcolor Info: Model `tHsb' substituted by `hsb' on input line 1357.
Package xcolor Info: Model `HSB' substituted by `hsb' on input line 1358.
Package xcolor Info: Model `Gray' substituted by `gray' on input line 1359.
Package xcolor Info: Model `wave' substituted by `hsb' on input line 1360.

(/usr/share/texlive/texmf-dist/tex/latex/graphics/dvipsnam.def
File: dvipsnam.def 2015/12/30 v3.0k Driver-dependent file (DPC,SPQR)
))
(/usr/share/texlive/texmf-dist/tex/latex/import/import.sty
Package: import 2009/03/23  v 5.1
)
(/usr/share/texlive/texmf-dist/tex/latex/tools/verbatim.sty
Package: verbatim 2014/10/28 v1.5q LaTeX2e package for verbatim enhancements
\every@verbatim=\toks30
\verbatim@line=\toks31
\verbatim@in@stream=\read1
)
(/usr/share/texlive/texmf-dist/tex/latex/url/url.sty
\Urlmuskip=\muskip11
Package: url 2013/09/16  ver 3.4  Verb mode for urls, etc.
)
(/usr/share/texlive/texmf-dist/tex/latex/hyperref/hyperref.sty
Package: hyperref 2012/11/06 v6.83m Hypertext links for LaTeX

(/usr/share/texlive/texmf-dist/tex/generic/oberdiek/hobsub-hyperref.sty
Package: hobsub-hyperref 2012/05/28 v1.13 Bundle oberdiek, subset hyperref (HO)


(/usr/share/texlive/texmf-dist/tex/generic/oberdiek/hobsub-generic.sty
Package: hobsub-generic 2012/05/28 v1.13 Bundle oberdiek, subset generic (HO)
Package: hobsub 2012/05/28 v1.13 Construct package bundles (HO)
Package hobsub Info: Skipping package `infwarerr' (already loaded).
Package hobsub Info: Skipping package `ltxcmds' (already loaded).
Package: ifluatex 2010/03/01 v1.3 Provides the ifluatex switch (HO)
Package ifluatex Info: LuaTeX not detected.
Package: ifvtex 2010/03/01 v1.5 Detect VTeX and its facilities (HO)
Package ifvtex Info: VTeX not detected.
Package: intcalc 2007/09/27 v1.1 Expandable calculations with integers (HO)
Package: ifpdf 2011/01/30 v2.3 Provides the ifpdf switch (HO)
Package ifpdf Info: pdfTeX in PDF mode is detected.
Package: etexcmds 2011/02/16 v1.5 Avoid name clashes with e-TeX commands (HO)
Package etexcmds Info: Could not find \expanded.
(etexcmds)             That can mean that you are not using pdfTeX 1.50 or
(etexcmds)             that some package has redefined \expanded.
(etexcmds)             In the latter case, load this package earlier.
Package: kvsetkeys 2012/04/25 v1.16 Key value parser (HO)
Package: kvdefinekeys 2011/04/07 v1.3 Define keys (HO)
Package: pdftexcmds 2011/11/29 v0.20 Utility functions of pdfTeX for LuaTeX (HO
)
Package pdftexcmds Info: LuaTeX not detected.
Package pdftexcmds Info: \pdf@primitive is available.
Package pdftexcmds Info: \pdf@ifprimitive is available.
Package pdftexcmds Info: \pdfdraftmode found.
Package: pdfescape 2011/11/25 v1.13 Implements pdfTeX's escape features (HO)
Package: bigintcalc 2012/04/08 v1.3 Expandable calculations on big integers (HO
)
Package: bitset 2011/01/30 v1.1 Handle bit-vector datatype (HO)
Package: uniquecounter 2011/01/30 v1.2 Provide unlimited unique counter (HO)
)
Package hobsub Info: Skipping package `hobsub' (already loaded).
Package: letltxmacro 2010/09/02 v1.4 Let assignment for LaTeX macros (HO)
Package: hopatch 2012/05/28 v1.2 Wrapper for package hooks (HO)
Package: xcolor-patch 2011/01/30 xcolor patch
Package: atveryend 2011/06/30 v1.8 Hooks at the very end of document (HO)
Package: atbegshi 2011/10/05 v1.16 At begin shipout hook (HO)
Package: refcount 2011/10/16 v3.4 Data extraction from label references (HO)
Package: hycolor 2011/01/30 v1.7 Color options for hyperref/bookmark (HO)
)
(/usr/share/texlive/texmf-dist/tex/generic/ifxetex/ifxetex.sty
Package: ifxetex 2010/09/12 v0.6 Provides ifxetex conditional
)
(/usr/share/texlive/texmf-dist/tex/latex/oberdiek/auxhook.sty
Package: auxhook 2011/03/04 v1.3 Hooks for auxiliary files (HO)
)
(/usr/share/texlive/texmf-dist/tex/latex/oberdiek/kvoptions.sty
Package: kvoptions 2011/06/30 v3.11 Key value format for package options (HO)
)
\@linkdim=\dimen134
\Hy@linkcounter=\count118
\Hy@pagecounter=\count119

(/usr/share/texlive/texmf-dist/tex/latex/hyperref/pd1enc.def
File: pd1enc.def 2012/11/06 v6.83m Hyperref: PDFDocEncoding definition (HO)
)
\Hy@SavedSpaceFactor=\count120

(/usr/share/texlive/texmf-dist/tex/latex/latexconfig/hyperref.cfg
File: hyperref.cfg 2002/06/06 v1.2 hyperref configuration of TeXLive
)
Package hyperref Info: Option `bookmarks' set `true' on input line 4319.
Package hyperref Info: Option `colorlinks' set `true' on input line 4319.
Package hyperref Info: Hyper figures OFF on input line 4443.
Package hyperref Info: Link nesting OFF on input line 4448.
Package hyperref Info: Hyper index ON on input line 4451.
Package hyperref Info: Plain pages OFF on input line 4458.
Package hyperref Info: Backreferencing OFF on input line 4463.
Package hyperref Info: Implicit mode ON; LaTeX internals redefined.
Package hyperref Info: Bookmarks ON on input line 4688.
\c@Hy@tempcnt=\count121
LaTeX Info: Redefining \url on input line 5041.
\XeTeXLinkMargin=\dimen135
\Fld@menulength=\count122
\Field@Width=\dimen136
\Fld@charsize=\dimen137
Package hyperref Info: Hyper figures OFF on input line 6295.
Package hyperref Info: Link nesting OFF on input line 6300.
Package hyperref Info: Hyper index ON on input line 6303.
Package hyperref Info: backreferencing OFF on input line 6310.
Package hyperref Info: Link coloring ON on input line 6313.
Package hyperref Info: Link coloring with OCG OFF on input line 6320.
Package hyperref Info: PDF/A mode OFF on input line 6325.
LaTeX Info: Redefining \ref on input line 6365.
LaTeX Info: Redefining \pageref on input line 6369.
\Hy@abspage=\count123
\c@Item=\count124
\c@Hfootnote=\count125
)

Package hyperref Message: Driver: hpdftex.

(/usr/share/texlive/texmf-dist/tex/latex/hyperref/hpdftex.def
File: hpdftex.def 2012/11/06 v6.83m Hyperref driver for pdfTeX
\Fld@listcount=\count126
\c@bookmark@seq@number=\count127

(/usr/share/texlive/texmf-dist/tex/latex/oberdiek/rerunfilecheck.sty
Package: rerunfilecheck 2011/04/15 v1.7 Rerun checks for auxiliary files (HO)
Package uniquecounter Info: New unique counter `rerunfilecheck' on input line 2
82.
)
\Hy@SectionHShift=\skip64
)
(/usr/share/texlive/texmf-dist/tex/latex/cleveref/cleveref.sty
Package: cleveref 2013/12/28 v0.19 Intelligent cross-referencing
Package cleveref Info: `hyperref' support loaded on input line 2230.
LaTeX Info: Redefining \cref on input line 2230.
LaTeX Info: Redefining \Cref on input line 2230.
LaTeX Info: Redefining \crefrange on input line 2230.
LaTeX Info: Redefining \Crefrange on input line 2230.
LaTeX Info: Redefining \cpageref on input line 2230.
LaTeX Info: Redefining \Cpageref on input line 2230.
LaTeX Info: Redefining \cpagerefrange on input line 2230.
LaTeX Info: Redefining \Cpagerefrange on input line 2230.
LaTeX Info: Redefining \labelcref on input line 2230.
LaTeX Info: Redefining \labelcpageref on input line 2230.
Package cleveref Info: `amsthm' support loaded on input line 2858.
Package cleveref Info: always capitalise cross-reference names on input line 74
65.
Package cleveref Info: always capitalise cross-reference names on input line 74
93.
)
(/usr/share/texlive/texmf-dist/tex/latex/psnfss/helvet.sty
Package: helvet 2005/04/12 PSNFSS-v9.2a (WaS) 
)
(/usr/share/texlive/texmf-dist/tex/latex/bbm-macros/bbm.sty
Package: bbm 1999/03/15 V 1.2 provides fonts for set symbols - TH
LaTeX Font Info:    Overwriting math alphabet `\mathbbm' in version `bold'
(Font)                  U/bbm/m/n --> U/bbm/bx/n on input line 33.
LaTeX Font Info:    Overwriting math alphabet `\mathbbmss' in version `bold'
(Font)                  U/bbmss/m/n --> U/bbmss/bx/n on input line 35.
)
(/usr/share/texlive/texmf-dist/tex/latex/tools/enumerate.sty
Package: enumerate 2015/07/23 v3.00 enumerate extensions (DPC)
\@enLab=\toks32
)
(/usr/share/texlive/texmf-dist/tex/latex/tools/array.sty
Package: array 2014/10/28 v2.4c Tabular extension package (FMi)
\col@sep=\dimen138
\extrarowheight=\dimen139
\NC@list=\toks33
\extratabsurround=\skip65
\backup@length=\skip66
)
(/usr/share/texlive/texmf-dist/tex/latex/parskip/parskip.sty
Package: parskip 2001/04/09 non-zero parskip adjustments
)
(/usr/share/texlive/texmf-dist/tex/latex/listings/listings.sty
\lst@mode=\count128
\lst@gtempboxa=\box31
\lst@token=\toks34
\lst@length=\count129
\lst@currlwidth=\dimen140
\lst@column=\count130
\lst@pos=\count131
\lst@lostspace=\dimen141
\lst@width=\dimen142
\lst@newlines=\count132
\lst@lineno=\count133
\lst@maxwidth=\dimen143

(/usr/share/texlive/texmf-dist/tex/latex/listings/lstmisc.sty
File: lstmisc.sty 2015/06/04 1.6 (Carsten Heinz)
\c@lstnumber=\count134
\lst@skipnumbers=\count135
\lst@framebox=\box32
)
(/usr/share/texlive/texmf-dist/tex/latex/listings/listings.cfg
File: listings.cfg 2015/06/04 1.6 listings configuration
))
Package: listings 2015/06/04 1.6 (Carsten Heinz)

(/usr/share/texlive/texmf-dist/tex/latex/pgf/frontendlayer/tikz.sty
(/usr/share/texlive/texmf-dist/tex/latex/pgf/basiclayer/pgf.sty
(/usr/share/texlive/texmf-dist/tex/latex/pgf/utilities/pgfrcs.sty
(/usr/share/texlive/texmf-dist/tex/generic/pgf/utilities/pgfutil-common.tex
\pgfutil@everybye=\toks35
\pgfutil@tempdima=\dimen144
\pgfutil@tempdimb=\dimen145

(/usr/share/texlive/texmf-dist/tex/generic/pgf/utilities/pgfutil-common-lists.t
ex)) (/usr/share/texlive/texmf-dist/tex/generic/pgf/utilities/pgfutil-latex.def
\pgfutil@abb=\box33
(/usr/share/texlive/texmf-dist/tex/latex/ms/everyshi.sty
Package: everyshi 2001/05/15 v3.00 EveryShipout Package (MS)
))
(/usr/share/texlive/texmf-dist/tex/generic/pgf/utilities/pgfrcs.code.tex
Package: pgfrcs 2015/08/07 v3.0.1a (rcs-revision 1.31)
))
Package: pgf 2015/08/07 v3.0.1a (rcs-revision 1.15)

(/usr/share/texlive/texmf-dist/tex/latex/pgf/basiclayer/pgfcore.sty
(/usr/share/texlive/texmf-dist/tex/latex/pgf/systemlayer/pgfsys.sty
(/usr/share/texlive/texmf-dist/tex/generic/pgf/systemlayer/pgfsys.code.tex
Package: pgfsys 2014/07/09 v3.0.1a (rcs-revision 1.48)

(/usr/share/texlive/texmf-dist/tex/generic/pgf/utilities/pgfkeys.code.tex
\pgfkeys@pathtoks=\toks36
\pgfkeys@temptoks=\toks37

(/usr/share/texlive/texmf-dist/tex/generic/pgf/utilities/pgfkeysfiltered.code.t
ex
\pgfkeys@tmptoks=\toks38
))
\pgf@x=\dimen146
\pgf@y=\dimen147
\pgf@xa=\dimen148
\pgf@ya=\dimen149
\pgf@xb=\dimen150
\pgf@yb=\dimen151
\pgf@xc=\dimen152
\pgf@yc=\dimen153
\w@pgf@writea=\write4
\r@pgf@reada=\read2
\c@pgf@counta=\count136
\c@pgf@countb=\count137
\c@pgf@countc=\count138
\c@pgf@countd=\count139
\t@pgf@toka=\toks39
\t@pgf@tokb=\toks40
\t@pgf@tokc=\toks41
 (/usr/share/texlive/texmf-dist/tex/generic/pgf/systemlayer/pgf.cfg
File: pgf.cfg 2008/05/14  (rcs-revision 1.7)
)
Driver file for pgf: pgfsys-pdftex.def

(/usr/share/texlive/texmf-dist/tex/generic/pgf/systemlayer/pgfsys-pdftex.def
File: pgfsys-pdftex.def 2014/10/11  (rcs-revision 1.35)

(/usr/share/texlive/texmf-dist/tex/generic/pgf/systemlayer/pgfsys-common-pdf.de
f
File: pgfsys-common-pdf.def 2013/10/10  (rcs-revision 1.13)
)))
(/usr/share/texlive/texmf-dist/tex/generic/pgf/systemlayer/pgfsyssoftpath.code.
tex
File: pgfsyssoftpath.code.tex 2013/09/09  (rcs-revision 1.9)
\pgfsyssoftpath@smallbuffer@items=\count140
\pgfsyssoftpath@bigbuffer@items=\count141
)
(/usr/share/texlive/texmf-dist/tex/generic/pgf/systemlayer/pgfsysprotocol.code.
tex
File: pgfsysprotocol.code.tex 2006/10/16  (rcs-revision 1.4)
))
(/usr/share/texlive/texmf-dist/tex/generic/pgf/basiclayer/pgfcore.code.tex
Package: pgfcore 2010/04/11 v3.0.1a (rcs-revision 1.7)

(/usr/share/texlive/texmf-dist/tex/generic/pgf/math/pgfmath.code.tex
(/usr/share/texlive/texmf-dist/tex/generic/pgf/math/pgfmathcalc.code.tex
(/usr/share/texlive/texmf-dist/tex/generic/pgf/math/pgfmathutil.code.tex)
(/usr/share/texlive/texmf-dist/tex/generic/pgf/math/pgfmathparser.code.tex
\pgfmath@dimen=\dimen154
\pgfmath@count=\count142
\pgfmath@box=\box34
\pgfmath@toks=\toks42
\pgfmath@stack@operand=\toks43
\pgfmath@stack@operation=\toks44
)
(/usr/share/texlive/texmf-dist/tex/generic/pgf/math/pgfmathfunctions.code.tex
(/usr/share/texlive/texmf-dist/tex/generic/pgf/math/pgfmathfunctions.basic.code
.tex)
(/usr/share/texlive/texmf-dist/tex/generic/pgf/math/pgfmathfunctions.trigonomet
ric.code.tex)
(/usr/share/texlive/texmf-dist/tex/generic/pgf/math/pgfmathfunctions.random.cod
e.tex)
(/usr/share/texlive/texmf-dist/tex/generic/pgf/math/pgfmathfunctions.comparison
.code.tex)
(/usr/share/texlive/texmf-dist/tex/generic/pgf/math/pgfmathfunctions.base.code.
tex)
(/usr/share/texlive/texmf-dist/tex/generic/pgf/math/pgfmathfunctions.round.code
.tex)
(/usr/share/texlive/texmf-dist/tex/generic/pgf/math/pgfmathfunctions.misc.code.
tex)
(/usr/share/texlive/texmf-dist/tex/generic/pgf/math/pgfmathfunctions.integerari
thmetics.code.tex)))
(/usr/share/texlive/texmf-dist/tex/generic/pgf/math/pgfmathfloat.code.tex
\c@pgfmathroundto@lastzeros=\count143
))
(/usr/share/texlive/texmf-dist/tex/generic/pgf/basiclayer/pgfcorepoints.code.te
x
File: pgfcorepoints.code.tex 2013/10/07  (rcs-revision 1.27)
\pgf@picminx=\dimen155
\pgf@picmaxx=\dimen156
\pgf@picminy=\dimen157
\pgf@picmaxy=\dimen158
\pgf@pathminx=\dimen159
\pgf@pathmaxx=\dimen160
\pgf@pathminy=\dimen161
\pgf@pathmaxy=\dimen162
\pgf@xx=\dimen163
\pgf@xy=\dimen164
\pgf@yx=\dimen165
\pgf@yy=\dimen166
\pgf@zx=\dimen167
\pgf@zy=\dimen168
)
(/usr/share/texlive/texmf-dist/tex/generic/pgf/basiclayer/pgfcorepathconstruct.
code.tex
File: pgfcorepathconstruct.code.tex 2013/10/07  (rcs-revision 1.29)
\pgf@path@lastx=\dimen169
\pgf@path@lasty=\dimen170
)
(/usr/share/texlive/texmf-dist/tex/generic/pgf/basiclayer/pgfcorepathusage.code
.tex
File: pgfcorepathusage.code.tex 2014/11/02  (rcs-revision 1.24)
\pgf@shorten@end@additional=\dimen171
\pgf@shorten@start@additional=\dimen172
)
(/usr/share/texlive/texmf-dist/tex/generic/pgf/basiclayer/pgfcorescopes.code.te
x
File: pgfcorescopes.code.tex 2015/05/08  (rcs-revision 1.46)
\pgfpic=\box35
\pgf@hbox=\box36
\pgf@layerbox@main=\box37
\pgf@picture@serial@count=\count144
)
(/usr/share/texlive/texmf-dist/tex/generic/pgf/basiclayer/pgfcoregraphicstate.c
ode.tex
File: pgfcoregraphicstate.code.tex 2014/11/02  (rcs-revision 1.12)
\pgflinewidth=\dimen173
)
(/usr/share/texlive/texmf-dist/tex/generic/pgf/basiclayer/pgfcoretransformation
s.code.tex
File: pgfcoretransformations.code.tex 2015/08/07  (rcs-revision 1.20)
\pgf@pt@x=\dimen174
\pgf@pt@y=\dimen175
\pgf@pt@temp=\dimen176
)
(/usr/share/texlive/texmf-dist/tex/generic/pgf/basiclayer/pgfcorequick.code.tex
File: pgfcorequick.code.tex 2008/10/09  (rcs-revision 1.3)
)
(/usr/share/texlive/texmf-dist/tex/generic/pgf/basiclayer/pgfcoreobjects.code.t
ex
File: pgfcoreobjects.code.tex 2006/10/11  (rcs-revision 1.2)
)
(/usr/share/texlive/texmf-dist/tex/generic/pgf/basiclayer/pgfcorepathprocessing
.code.tex
File: pgfcorepathprocessing.code.tex 2013/09/09  (rcs-revision 1.9)
)
(/usr/share/texlive/texmf-dist/tex/generic/pgf/basiclayer/pgfcorearrows.code.te
x
File: pgfcorearrows.code.tex 2015/05/14  (rcs-revision 1.43)
\pgfarrowsep=\dimen177
)
(/usr/share/texlive/texmf-dist/tex/generic/pgf/basiclayer/pgfcoreshade.code.tex
File: pgfcoreshade.code.tex 2013/07/15  (rcs-revision 1.15)
\pgf@max=\dimen178
\pgf@sys@shading@range@num=\count145
)
(/usr/share/texlive/texmf-dist/tex/generic/pgf/basiclayer/pgfcoreimage.code.tex
File: pgfcoreimage.code.tex 2013/07/15  (rcs-revision 1.18)

(/usr/share/texlive/texmf-dist/tex/generic/pgf/basiclayer/pgfcoreexternal.code.
tex
File: pgfcoreexternal.code.tex 2014/07/09  (rcs-revision 1.21)
\pgfexternal@startupbox=\box38
))
(/usr/share/texlive/texmf-dist/tex/generic/pgf/basiclayer/pgfcorelayers.code.te
x
File: pgfcorelayers.code.tex 2013/07/18  (rcs-revision 1.7)
)
(/usr/share/texlive/texmf-dist/tex/generic/pgf/basiclayer/pgfcoretransparency.c
ode.tex
File: pgfcoretransparency.code.tex 2013/09/30  (rcs-revision 1.5)
)
(/usr/share/texlive/texmf-dist/tex/generic/pgf/basiclayer/pgfcorepatterns.code.
tex
File: pgfcorepatterns.code.tex 2013/11/07  (rcs-revision 1.5)
)))
(/usr/share/texlive/texmf-dist/tex/generic/pgf/modules/pgfmoduleshapes.code.tex
File: pgfmoduleshapes.code.tex 2014/03/21  (rcs-revision 1.35)
\pgfnodeparttextbox=\box39
) (/usr/share/texlive/texmf-dist/tex/generic/pgf/modules/pgfmoduleplot.code.tex
File: pgfmoduleplot.code.tex 2015/08/03  (rcs-revision 1.13)
)
(/usr/share/texlive/texmf-dist/tex/latex/pgf/compatibility/pgfcomp-version-0-65
.sty
Package: pgfcomp-version-0-65 2007/07/03 v3.0.1a (rcs-revision 1.7)
\pgf@nodesepstart=\dimen179
\pgf@nodesepend=\dimen180
)
(/usr/share/texlive/texmf-dist/tex/latex/pgf/compatibility/pgfcomp-version-1-18
.sty
Package: pgfcomp-version-1-18 2007/07/23 v3.0.1a (rcs-revision 1.1)
)) (/usr/share/texlive/texmf-dist/tex/latex/pgf/utilities/pgffor.sty
(/usr/share/texlive/texmf-dist/tex/latex/pgf/utilities/pgfkeys.sty
(/usr/share/texlive/texmf-dist/tex/generic/pgf/utilities/pgfkeys.code.tex))
(/usr/share/texlive/texmf-dist/tex/latex/pgf/math/pgfmath.sty
(/usr/share/texlive/texmf-dist/tex/generic/pgf/math/pgfmath.code.tex))
(/usr/share/texlive/texmf-dist/tex/generic/pgf/utilities/pgffor.code.tex
Package: pgffor 2013/12/13 v3.0.1a (rcs-revision 1.25)

(/usr/share/texlive/texmf-dist/tex/generic/pgf/math/pgfmath.code.tex)
\pgffor@iter=\dimen181
\pgffor@skip=\dimen182
\pgffor@stack=\toks45
\pgffor@toks=\toks46
))
(/usr/share/texlive/texmf-dist/tex/generic/pgf/frontendlayer/tikz/tikz.code.tex
Package: tikz 2015/08/07 v3.0.1a (rcs-revision 1.151)

(/usr/share/texlive/texmf-dist/tex/generic/pgf/libraries/pgflibraryplothandlers
.code.tex
File: pgflibraryplothandlers.code.tex 2013/08/31 v3.0.1a (rcs-revision 1.20)
\pgf@plot@mark@count=\count146
\pgfplotmarksize=\dimen183
)
\tikz@lastx=\dimen184
\tikz@lasty=\dimen185
\tikz@lastxsaved=\dimen186
\tikz@lastysaved=\dimen187
\tikzleveldistance=\dimen188
\tikzsiblingdistance=\dimen189
\tikz@figbox=\box40
\tikz@figbox@bg=\box41
\tikz@tempbox=\box42
\tikz@tempbox@bg=\box43
\tikztreelevel=\count147
\tikznumberofchildren=\count148
\tikznumberofcurrentchild=\count149
\tikz@fig@count=\count150

(/usr/share/texlive/texmf-dist/tex/generic/pgf/modules/pgfmodulematrix.code.tex
File: pgfmodulematrix.code.tex 2013/09/17  (rcs-revision 1.8)
\pgfmatrixcurrentrow=\count151
\pgfmatrixcurrentcolumn=\count152
\pgf@matrix@numberofcolumns=\count153
)
\tikz@expandcount=\count154

(/usr/share/texlive/texmf-dist/tex/generic/pgf/frontendlayer/tikz/libraries/tik
zlibrarytopaths.code.tex
File: tikzlibrarytopaths.code.tex 2008/06/17 v3.0.1a (rcs-revision 1.2)
)))
(/usr/share/texlive/texmf-dist/tex/latex/l3packages/xparse/xparse.sty
(/usr/share/texlive/texmf-dist/tex/latex/l3kernel/expl3.sty
Package: expl3 2016/01/19 v6377 L3 programming layer (loader) 

(/usr/share/texlive/texmf-dist/tex/latex/l3kernel/expl3-code.tex
Package: expl3 2016/01/19 v6377 L3 programming layer (code)
L3 Module: l3bootstrap 2016/01/01 v6339 L3 Bootstrap code
L3 Module: l3names 2015/12/21 v6328 L3 Namespace for primitives
L3 Module: l3basics 2015/11/22 v6315 L3 Basic definitions
L3 Module: l3expan 2015/09/10 v5983 L3 Argument expansion
L3 Module: l3tl 2015/09/29 v6121 L3 Token lists
L3 Module: l3str 2016/01/03 v6357 L3 Strings
L3 Module: l3seq 2015/08/05 v5777 L3 Sequences and stacks
L3 Module: l3int 2016/01/05 v6366 L3 Integers
\c_max_int=\count155
\l_tmpa_int=\count156
\l_tmpb_int=\count157
\g_tmpa_int=\count158
\g_tmpb_int=\count159
L3 Module: l3quark 2015/08/17 v5855 L3 Quarks
L3 Module: l3prg 2015/11/01 v6216 L3 Control structures
\g__prg_map_int=\count160
L3 Module: l3clist 2015/09/02 v5901 L3 Comma separated lists
L3 Module: l3token 2015/11/11 v6249 L3 Experimental token manipulation
L3 Module: l3prop 2016/01/05 v6366 L3 Property lists
L3 Module: l3msg 2015/09/28 v6113 L3 Messages
L3 Module: l3file 2015/12/03 v6317 L3 File and I/O operations
\l_iow_line_count_int=\count161
\l__iow_target_count_int=\count162
\l__iow_current_line_int=\count163
\l__iow_current_word_int=\count164
\l__iow_current_indentation_int=\count165
L3 Module: l3skip 2016/01/05 v6366 L3 Dimensions and skips
\c_zero_dim=\dimen190
\c_max_dim=\dimen191
\l_tmpa_dim=\dimen192
\l_tmpb_dim=\dimen193
\g_tmpa_dim=\dimen194
\g_tmpb_dim=\dimen195
\c_zero_skip=\skip67
\c_max_skip=\skip68
\l_tmpa_skip=\skip69
\l_tmpb_skip=\skip70
\g_tmpa_skip=\skip71
\g_tmpb_skip=\skip72
\c_zero_muskip=\muskip12
\c_max_muskip=\muskip13
\l_tmpa_muskip=\muskip14
\l_tmpb_muskip=\muskip15
\g_tmpa_muskip=\muskip16
\g_tmpb_muskip=\muskip17
L3 Module: l3keys 2015/11/17 v6284 L3 Key-value interfaces
\g__keyval_level_int=\count166
\l_keys_choice_int=\count167
L3 Module: l3fp 2015/08/25 v5890 L3 Floating points
\c__fp_leading_shift_int=\count168
\c__fp_middle_shift_int=\count169
\c__fp_trailing_shift_int=\count170
\c__fp_big_leading_shift_int=\count171
\c__fp_big_middle_shift_int=\count172
\c__fp_big_trailing_shift_int=\count173
\c__fp_Bigg_leading_shift_int=\count174
\c__fp_Bigg_middle_shift_int=\count175
\c__fp_Bigg_trailing_shift_int=\count176
L3 Module: l3box 2015/08/09 v5822 L3 Experimental boxes
\c_empty_box=\box44
\l_tmpa_box=\box45
\l_tmpb_box=\box46
\g_tmpa_box=\box47
\g_tmpb_box=\box48
L3 Module: l3coffins 2015/08/06 v5789 L3 Coffin code layer
\l__coffin_internal_box=\box49
\l__coffin_internal_dim=\dimen196
\l__coffin_offset_x_dim=\dimen197
\l__coffin_offset_y_dim=\dimen198
\l__coffin_x_dim=\dimen199
\l__coffin_y_dim=\dimen256
\l__coffin_x_prime_dim=\dimen257
\l__coffin_y_prime_dim=\dimen258
\c_empty_coffin=\box50
\l__coffin_aligned_coffin=\box51
\l__coffin_aligned_internal_coffin=\box52
\l_tmpa_coffin=\box53
\l_tmpb_coffin=\box54
\l__coffin_display_coffin=\box55
\l__coffin_display_coord_coffin=\box56
\l__coffin_display_pole_coffin=\box57
\l__coffin_display_offset_dim=\dimen259
\l__coffin_display_x_dim=\dimen260
\l__coffin_display_y_dim=\dimen261
L3 Module: l3color 2014/08/23 v5354 L3 Experimental color support
L3 Module: l3sys 2015/09/25 v6087 L3 Experimental system/runtime functions
L3 Module: l3candidates 2016/01/14 v6376 L3 Experimental additions to l3kernel
\l__box_top_dim=\dimen262
\l__box_bottom_dim=\dimen263
\l__box_left_dim=\dimen264
\l__box_right_dim=\dimen265
\l__box_top_new_dim=\dimen266
\l__box_bottom_new_dim=\dimen267
\l__box_left_new_dim=\dimen268
\l__box_right_new_dim=\dimen269
\l__box_internal_box=\box58
\l__coffin_bounding_shift_dim=\dimen270
\l__coffin_left_corner_dim=\dimen271
\l__coffin_right_corner_dim=\dimen272
\l__coffin_bottom_corner_dim=\dimen273
\l__coffin_top_corner_dim=\dimen274
\l__coffin_scaled_total_height_dim=\dimen275
\l__coffin_scaled_width_dim=\dimen276
L3 Module: l3luatex 2015/11/11 v6250 L3 Experimental LuaTeX-specific functions
)
(/usr/share/texlive/texmf-dist/tex/latex/l3kernel/l3pdfmode.def
File: l3pdfmode.def 2015/11/11 v6250 L3 Experimental driver: PDF mode
\l__driver_color_stack_int=\count177
))
Package: xparse 2016/01/19 v6377 L3 Experimental document command parser
\l__xparse_current_arg_int=\count178
\l__xparse_m_args_int=\count179
\l__xparse_mandatory_args_int=\count180
\l__xparse_processor_int=\count181
\l__xparse_v_nesting_int=\count182
)
(/usr/share/texlive/texmf-dist/tex/generic/pgf/frontendlayer/tikz/libraries/tik
zlibrarymatrix.code.tex
File: tikzlibrarymatrix.code.tex 2013/07/12 v3.0.1a (rcs-revision 1.4)
)
(/usr/share/texlive/texmf-dist/tex/generic/pgf/frontendlayer/tikz/libraries/tik
zlibrarybackgrounds.code.tex
File: tikzlibrarybackgrounds.code.tex 2013/07/18 v3.0.1a (rcs-revision 1.3)
\pgf@layerbox@background=\box59
\pgf@layerboxsaved@background=\box60
)
\pgf@layerbox@myback=\box61
\pgf@layerboxsaved@myback=\box62
.................................................
. LaTeX info: "xparse/define-command"
. 
. Defining command \highlight with sig. 'O{blue!40} m m' on line 49.
.................................................
.................................................
. LaTeX info: "xparse/define-command"
. 
. Defining command \fhighlight with sig. 'O{blue!40} m m' on line 53.
.................................................
 (./my_defs.tex
\c@theorem=\count183
\c@corollary=\count184
\c@lemma=\count185
\c@proposition=\count186
\c@exercise=\count187
\c@conjecture=\count188
\c@question=\count189
\c@definition=\count190
\thewidth=\skip73
) (./preskitt_dissertation.aux

LaTeX Warning: Label `ch:base_model' multiply defined.


LaTeX Warning: Label `ch:base_model@cref' multiply defined.


LaTeX Warning: Label `thm:MainRes' multiply defined.


LaTeX Warning: Label `thm:MainRes@cref' multiply defined.

)
\openout1 = `preskitt_dissertation.aux'.

LaTeX Font Info:    Checking defaults for OML/cmm/m/it on input line 94.
LaTeX Font Info:    ... okay on input line 94.
LaTeX Font Info:    Checking defaults for T1/cmr/m/n on input line 94.
LaTeX Font Info:    ... okay on input line 94.
LaTeX Font Info:    Checking defaults for OT1/cmr/m/n on input line 94.
LaTeX Font Info:    ... okay on input line 94.
LaTeX Font Info:    Checking defaults for OMS/cmsy/m/n on input line 94.
LaTeX Font Info:    ... okay on input line 94.
LaTeX Font Info:    Checking defaults for OMX/cmex/m/n on input line 94.
LaTeX Font Info:    ... okay on input line 94.
LaTeX Font Info:    Checking defaults for U/cmr/m/n on input line 94.
LaTeX Font Info:    ... okay on input line 94.
LaTeX Font Info:    Checking defaults for PD1/pdf/m/n on input line 94.
LaTeX Font Info:    ... okay on input line 94.
Package caption Info: Begin \AtBeginDocument code.
Package caption Info: hyperref package is loaded.
Package caption Info: listings package is loaded.
Package caption Info: End \AtBeginDocument code.
 (/usr/share/texlive/texmf-dist/tex/context/base/supp-pdf.mkii
[Loading MPS to PDF converter (version 2006.09.02).]
\scratchcounter=\count191
\scratchdimen=\dimen277
\scratchbox=\box63
\nofMPsegments=\count192
\nofMParguments=\count193
\everyMPshowfont=\toks47
\MPscratchCnt=\count194
\MPscratchDim=\dimen278
\MPnumerator=\count195
\makeMPintoPDFobject=\count196
\everyMPtoPDFconversion=\toks48
) (/usr/share/texlive/texmf-dist/tex/latex/oberdiek/epstopdf-base.sty
Package: epstopdf-base 2010/02/09 v2.5 Base part for package epstopdf

(/usr/share/texlive/texmf-dist/tex/latex/oberdiek/grfext.sty
Package: grfext 2010/08/19 v1.1 Manage graphics extensions (HO)
)
Package grfext Info: Graphics extension search list:
(grfext)             [.png,.pdf,.jpg,.mps,.jpeg,.jbig2,.jb2,.PNG,.PDF,.JPG,.JPE
G,.JBIG2,.JB2,.eps]
(grfext)             \AppendGraphicsExtensions on input line 452.

(/usr/share/texlive/texmf-dist/tex/latex/latexconfig/epstopdf-sys.cfg
File: epstopdf-sys.cfg 2010/07/13 v1.3 Configuration of (r)epstopdf for TeX Liv
e
))
\AtBeginShipoutBox=\box64
Package hyperref Info: Link coloring ON on input line 94.

(/usr/share/texlive/texmf-dist/tex/latex/hyperref/nameref.sty
Package: nameref 2012/10/27 v2.43 Cross-referencing by name of section

(/usr/share/texlive/texmf-dist/tex/generic/oberdiek/gettitlestring.sty
Package: gettitlestring 2010/12/03 v1.4 Cleanup title references (HO)
)
\c@section@level=\count197
)
LaTeX Info: Redefining \ref on input line 94.
LaTeX Info: Redefining \pageref on input line 94.
LaTeX Info: Redefining \nameref on input line 94.

(./preskitt_dissertation.out) (./preskitt_dissertation.out)
\@outlinefile=\write5
\openout5 = `preskitt_dissertation.out'.

\c@lstlisting=\count198

ABD: EveryShipout initializing macros [1


{/var/lib/texmf/fonts/map/pdftex/updmap/pdftex.map}] [2]
LaTeX Font Info:    Try loading font information for U+msa on input line 107.
 (/usr/share/texlive/texmf-dist/tex/latex/amsfonts/umsa.fd
File: umsa.fd 2013/01/14 v3.01 AMS symbols A
)
LaTeX Font Info:    Try loading font information for U+msb on input line 107.

(/usr/share/texlive/texmf-dist/tex/latex/amsfonts/umsb.fd
File: umsb.fd 2013/01/14 v3.01 AMS symbols B
) [3] [4]
Overfull \hbox (2.61107pt too wide) in paragraph at lines 122--133
$[]$ $[]$ 
 []


Overfull \hbox (2.61107pt too wide) in paragraph at lines 134--145
[]$[]$ $[]$ 
 []

[5] (./preskitt_dissertation.toc [6]
Overfull \hbox (4.34329pt too wide) in paragraph at lines 33--33
 [][] [][][]\OT1/cmr/m/n/12 Experiments with Mea-sure-ments from Ex-am-ple 2 of
 Sec-tion [][]3.2[][][][] [][]  
 []

[7])
\tf@toc=\write6
\openout6 = `preskitt_dissertation.toc'.

 [8] (./preskitt_dissertation.lof)
\tf@lof=\write7
\openout7 = `preskitt_dissertation.lof'.

 [9] (./preskitt_dissertation.lot)
\tf@lot=\write8
\openout8 = `preskitt_dissertation.lot'.


[10] (./sections/acknowledgements.tex) [11]
Overfull \hbox (1.77925pt too wide) in paragraph at lines 174--175
[]\OT1/cmr/m/n/12 Teaching As-sis-tant, Uni-ver-sity of Cal-i-for-nia, San Dieg
o 
 []


Overfull \hbox (8.62918pt too wide) in paragraph at lines 176--177
[]\OT1/cmr/m/n/12 Associate In-struc-tor, Uni-ver-sity of Cal-i-for-nia, San Di
ego 
 []

[12] (./sections/abstract.tex [13]) [14]
Chapter 1.
(./sections/history/history_sec.tex (./sections/history/introduction.tex
[1

]

Package natbib Warning: Citation `diffraction_ref' on page 2 undefined on input
 line 3.


Package natbib Warning: Citation `crystallography_refs' on page 2 undefined on 
input line 3.

[2]) (./sections/history/crystallography.tex [3] [4])
(./sections/history/notation.tex [5]
LaTeX Font Info:    Try loading font information for U+bbm on input line 10.

(/usr/share/texlive/texmf-dist/tex/latex/bbm-macros/ubbm.fd
File: ubbm.fd 1999/03/15 V 1.2 Font definition for bbm font - TH
) [6] [7])) [8]
Chapter 2.
(./sections/applications/applications_sec.tex) [9

]
Chapter 3.
(./sections/base_model/base_model_sec.tex
\c@lem=\count199
\c@cor=\count266
\c@thm=\count267
\c@Def=\count268
\c@prop=\count269

(./sections/base_model/Sections/BPintro_V2.tex [10

] [11] [12] [13] [14]
Package hyperref Info: bookmark level for unknown algorithm defaults to 0 on in
put line 102.

Underfull \hbox (badness 10000) in paragraph at lines 107--108
[] []\OT1/cmr/m/n/12 Compute the Her-mi-tian ma-trix $\OML/cmm/m/it/12 X \OT1/c
mr/m/n/12 = [](\OMS/cmsy/m/n/12 Aj[]\OT1/cmr/m/n/12 )[]\OT1/cmr/bx/n/12 y[]\OML
/cmm/m/it/12 =\OT1/cmr/m/n/12 2 +
 []

[15] [16] [17] [18]
<sections/base_model/pics/ptych1D.png, id=920, 1388.18625pt x 608.2725pt>
File: sections/base_model/pics/ptych1D.png Graphic file (type png)

<use sections/base_model/pics/ptych1D.png>
Package pdftex.def Info: sections/base_model/pics/ptych1D.png used on input lin
e 162.
(pdftex.def)             Requested size: 347.04572pt x 152.06775pt.
 [19 <./sections/base_model/pics/ptych1D.png>] [20] [21] [22] [23] [24] [25]
Overfull \hbox (20.41527pt too wide) in paragraph at lines 349--351
[][]\OT1/cmr/bx/n/12 Theorem 3 \OT1/cmr/m/n/12 ([[]])\OT1/cmr/bx/n/12 . []\OT1/
cmr/m/it/12 Con-sider mea-sure-ments of the form [] with $\OML/cmm/m/it/12 a \O
T1/cmr/m/n/12 := [] []$\OT1/cmr/m/it/12 .
 []


Overfull \hbox (10.14471pt too wide) in paragraph at lines 349--351
\OT1/cmr/m/it/12 Let $\OML/cmm/m/it/12 M[] \OMS/cmsy/m/n/12 2 \U/msb/m/n/12 C[]
$ \OT1/cmr/m/it/12 be the ma-trix rep-re-sent-ing the mea-sure-ment map-ping $\
OMS/cmsy/m/n/12 A \OT1/cmr/m/n/12 : \OML/cmm/m/it/12 T[]\OT1/cmr/m/n/12 (\U/msb
/m/n/12 C[]\OT1/cmr/m/n/12 ) \OMS/cmsy/m/n/12 !
 []


Overfull \hbox (1.96068pt too wide) in paragraph at lines 362--367
\OT1/cmr/m/it/12 for an ab-so-lute con-stant $\OML/cmm/m/it/12 C \OMS/cmsy/m/n/
12 2 \U/msb/m/n/12 R[]$\OT1/cmr/m/it/12 . Fur-ther-more, $\OML/cmm/m/it/12 M[]$
 \OT1/cmr/m/it/12 can be in-verted in $\OMS/cmsy/m/n/12 O []$\OT1/cmr/m/it/12 -

 []

[26]
Overfull \hbox (0.7925pt too wide) in paragraph at lines 380--381
\OT1/cmr/m/n/12 A sim-ple in-duc-tion on $\OML/cmm/m/it/12 k$ \OT1/cmr/m/n/12 s
hows that $\OMS/cmsy/m/n/12 f\OML/cmm/m/it/12 S[]\OT1/cmr/bx/n/12 m[]m[]\OML/cm
m/m/it/12 S[]\OMS/cmsy/m/n/12 g[]$ \OT1/cmr/m/n/12 is a ba-sis for $\OML/cmm/m/
it/12 T[]\OT1/cmr/m/n/12 (\U/msb/m/n/12 C[]\OT1/cmr/m/n/12 )$,
 []

[27] [28])

Package hyperref Warning: Token not allowed in a PDF string (PDFDocEncoding):
(hyperref)                removing `math shift' on input line 72.


Package hyperref Warning: Token not allowed in a PDF string (PDFDocEncoding):
(hyperref)                removing `subscript' on input line 72.


Package hyperref Warning: Token not allowed in a PDF string (PDFDocEncoding):
(hyperref)                removing `math shift' on input line 72.

(./sections/base_model/Sections/Spectrum_V2.tex [29]
Overfull \hbox (3.81314pt too wide) in paragraph at lines 22--23
\OT1/cmr/m/it/12 nal ma-trix $[]\OMS/cmsy/m/n/12 f\OT1/cmr/m/n/12 ([])[]\OML/cm
m/m/it/12 ; [] ; \OT1/cmr/m/n/12 ([])[]\OMS/cmsy/m/n/12 g$\OT1/cmr/m/it/12 , an
d $\OT1/cmr/m/n/12 ^^C$ \OT1/cmr/m/it/12 is the $\OML/cmm/m/it/12 d \OMS/cmsy/m
/n/12 ^^B \OML/cmm/m/it/12 d$ \OT1/cmr/m/it/12 di-ag-o-nal ma-trix $[]\OMS/cmsy
/m/n/12 f\OML/cmm/m/it/12 ^^W[]; [] ; ^^W[]\OMS/cmsy/m/n/12 g$
 []


Package hyperref Warning: Token not allowed in a PDF string (PDFDocEncoding):
(hyperref)                removing `math shift' on input line 30.


Package hyperref Warning: Token not allowed in a PDF string (PDFDocEncoding):
(hyperref)                removing `\setbox' on input line 30.


Package hyperref Warning: Token not allowed in a PDF string (PDFDocEncoding):
(hyperref)                removing `\z@' on input line 30.


Package hyperref Warning: Token not allowed in a PDF string (PDFDocEncoding):
(hyperref)                removing `\hbox' on input line 30.


Package hyperref Warning: Token not allowed in a PDF string (PDFDocEncoding):
(hyperref)                removing `\frozen@everymath' on input line 30.


Package hyperref Warning: Token not allowed in a PDF string (PDFDocEncoding):
(hyperref)                removing `\@emptytoks' on input line 30.


Package hyperref Warning: Token not allowed in a PDF string (PDFDocEncoding):
(hyperref)                removing `\mathsurround' on input line 30.


Package hyperref Warning: Token not allowed in a PDF string (PDFDocEncoding):
(hyperref)                removing `\z@' on input line 30.


Package hyperref Warning: Token not allowed in a PDF string (PDFDocEncoding):
(hyperref)                removing `math shift' on input line 30.


Package hyperref Warning: Token not allowed in a PDF string (PDFDocEncoding):
(hyperref)                removing `\textstyle' on input line 30.


Package hyperref Warning: Token not allowed in a PDF string (PDFDocEncoding):
(hyperref)                removing `math shift' on input line 30.


Package hyperref Warning: Token not allowed in a PDF string (PDFDocEncoding):
(hyperref)                removing `\mathaccent' on input line 30.


Package hyperref Warning: Token not allowed in a PDF string (PDFDocEncoding):
(hyperref)                removing `subscript' on input line 30.


Package hyperref Warning: Token not allowed in a PDF string (PDFDocEncoding):
(hyperref)                removing `math shift' on input line 30.

[30] [31] [32])

Package hyperref Warning: Token not allowed in a PDF string (PDFDocEncoding):
(hyperref)                removing `math shift' on input line 77.


Package hyperref Warning: Token not allowed in a PDF string (PDFDocEncoding):
(hyperref)                removing `subscript' on input line 77.


Package hyperref Warning: Token not allowed in a PDF string (PDFDocEncoding):
(hyperref)                removing `math shift' on input line 77.

(./sections/base_model/Sections/AltPerturb_V3.tex
Underfull \hbox (badness 10000) in paragraph at lines 2--5

 []

[33] [34] [35] [36] [37]
Overfull \hbox (29.94484pt too wide) in paragraph at lines 109--110
\OT1/cmr/m/n/12 We note that $\OML/cmm/m/it/12 ^^\\OT1/cmr/bx/n/12 w[]\OML/cmm/
m/it/12 D\OT1/cmr/bx/n/12 w \OT1/cmr/m/n/12 = \OML/cmm/m/it/12 ^^\ [][] []\OT1/
cmr/m/n/12 (\OML/cmm/m/it/12 i\OT1/cmr/m/n/12 )\OMS/cmsy/m/n/12 j\OML/cmm/m/it/
12 g[] \OMS/cmsy/m/n/12 ^^@ \OML/cmm/m/it/12 \OMS/cmsy/m/n/12 j[]$\OT1/cmr/m/n
/12 , while we seek a bound on $[][] [](\OML/cmm/m/it/12 i\OT1/cmr/m/n/12 )\OMS
/cmsy/m/n/12 j\OML/cmm/m/it/12 g[] \OMS/cmsy/m/n/12 ^^@
 []

[38] [39])
Overfull \hbox (17.73958pt too wide) in paragraph at lines 84--84
[]\OT1/cmr/bx/n/17.28 Recovery Guar-an-tees for the Pro-posed Method 
 []

(./sections/base_model/Sections/RecovGuarantee_V2.tex [40] [41] [42] [43]
[44]) (./sections/base_model/Sections/NumEval.tex [45]
LaTeX Font Info:    Try loading font information for OMS+cmr on input line 5.

(/usr/share/texlive/texmf-dist/tex/latex/base/omscmr.fd
File: omscmr.fd 2014/09/29 v2.5h Standard LaTeX font definitions
)
LaTeX Font Info:    Font shape `OMS/cmr/m/n' in size <12> not available
(Font)              Font shape `OMS/cmsy/m/n' tried instead on input line 5.
 [46] [47]
<sections/base_model/pics/fig2a.pdf, id=1270, 614.295pt x 794.97pt>
File: sections/base_model/pics/fig2a.pdf Graphic file (type pdf)

<use sections/base_model/pics/fig2a.pdf>
Package pdftex.def Info: sections/base_model/pics/fig2a.pdf used on input line 
66.
(pdftex.def)             Requested size: 317.98843pt x 245.71835pt.

<sections/base_model/pics/fig2b.pdf, id=1272, 614.295pt x 794.97pt>
File: sections/base_model/pics/fig2b.pdf Graphic file (type pdf)

<use sections/base_model/pics/fig2b.pdf>
Package pdftex.def Info: sections/base_model/pics/fig2b.pdf used on input line 
74.
(pdftex.def)             Requested size: 317.98843pt x 245.71835pt.


Package hyperref Warning: Token not allowed in a PDF string (PDFDocEncoding):
(hyperref)                removing `\new@ifnextchar' on input line 86.

[48] [49 <./sections/base_model/pics/fig2a.pdf> <./sections/base_model/pics/fig
2b.pdf>]
<sections/base_model/pics/robustness_600a.pdf, id=1374, 614.295pt x 794.97pt>
File: sections/base_model/pics/robustness_600a.pdf Graphic file (type pdf)

<use sections/base_model/pics/robustness_600a.pdf>
Package pdftex.def Info: sections/base_model/pics/robustness_600a.pdf used on i
nput line 111.
(pdftex.def)             Requested size: 219.5181pt x 186.9969pt.

Overfull \hbox (5.74564pt too wide) in paragraph at lines 111--112
 [][] 
 []

<sections/base_model/pics/robustness_600b.pdf, id=1376, 614.295pt x 794.97pt>
File: sections/base_model/pics/robustness_600b.pdf Graphic file (type pdf)

<use sections/base_model/pics/robustness_600b.pdf>
Package pdftex.def Info: sections/base_model/pics/robustness_600b.pdf used on i
nput line 119.
(pdftex.def)             Requested size: 219.5181pt x 186.9969pt.

Overfull \hbox (18.32011pt too wide) in paragraph at lines 119--120
 [][] 
 []

<sections/base_model/pics/robustness_600c.pdf, id=1378, 614.295pt x 794.97pt>
File: sections/base_model/pics/robustness_600c.pdf Graphic file (type pdf)

<use sections/base_model/pics/robustness_600c.pdf>
Package pdftex.def Info: sections/base_model/pics/robustness_600c.pdf used on i
nput line 126.
(pdftex.def)             Requested size: 219.5181pt x 186.9969pt.

Overfull \hbox (5.74564pt too wide) in paragraph at lines 126--127
 [][] 
 []

<sections/base_model/pics/robustness_600d.pdf, id=1380, 614.295pt x 794.97pt>
File: sections/base_model/pics/robustness_600d.pdf Graphic file (type pdf)

<use sections/base_model/pics/robustness_600d.pdf>
Package pdftex.def Info: sections/base_model/pics/robustness_600d.pdf used on i
nput line 134.
(pdftex.def)             Requested size: 219.5181pt x 186.9969pt.

Overfull \hbox (18.32011pt too wide) in paragraph at lines 134--135
 [][] 
 []

[50] [51 <./sections/base_model/pics/robustness_600a.pdf> <./sections/base_mode
l/pics/robustness_600b.pdf> <./sections/base_model/pics/robustness_600c.pdf> <.
/sections/base_model/pics/robustness_600d.pdf>]
<sections/base_model/pics/err_iteration_count.pdf, id=1474, 614.295pt x 794.97p
t>
File: sections/base_model/pics/err_iteration_count.pdf Graphic file (type pdf)
 <use sections/base_model/pics/err_iteration_count.pdf>
Package pdftex.def Info: sections/base_model/pics/err_iteration_count.pdf used 
on input line 151.
(pdftex.def)             Requested size: 219.5181pt x 178.86661pt.
 [52] [53 <./sections/base_model/pics/err_iteration_count.pdf>]
<sections/base_model/pics/fig5a.pdf, id=1525, 614.295pt x 794.97pt>
File: sections/base_model/pics/fig5a.pdf Graphic file (type pdf)

<use sections/base_model/pics/fig5a.pdf>
Package pdftex.def Info: sections/base_model/pics/fig5a.pdf used on input line 
171.
(pdftex.def)             Requested size: 288.17752pt x 238.49176pt.

<sections/base_model/pics/fig5b.pdf, id=1527, 614.295pt x 794.97pt>
File: sections/base_model/pics/fig5b.pdf Graphic file (type pdf)

<use sections/base_model/pics/fig5b.pdf>
Package pdftex.def Info: sections/base_model/pics/fig5b.pdf used on input line 
179.
(pdftex.def)             Requested size: 288.17752pt x 238.49176pt.
 [54] [55 <./sections/base_model/pics/fig5a.pdf> <./sections/base_model/pics/fi
g5b.pdf>]
Overfull \hbox (2.445pt too wide) in paragraph at lines 222--222
[]\OT1/cmr/bx/n/14.4 Experiments with Pty-cho-graphic Mea-sure-ments from
 []


Package hyperref Warning: Token not allowed in a PDF string (PDFDocEncoding):
(hyperref)                removing `\new@ifnextchar' on input line 222.

<sections/base_model/pics/fig6a.pdf, id=1667, 614.295pt x 794.97pt>
File: sections/base_model/pics/fig6a.pdf Graphic file (type pdf)

<use sections/base_model/pics/fig6a.pdf>
Package pdftex.def Info: sections/base_model/pics/fig6a.pdf used on input line 
230.
(pdftex.def)             Requested size: 312.20648pt x 254.3904pt.

<sections/base_model/pics/robustness600_Fourier.pdf, id=1669, 614.295pt x 794.9
7pt>
File: sections/base_model/pics/robustness600_Fourier.pdf Graphic file (type pdf
)
 <use sections/base_model/pics/robustness600_Fourier.pdf>
Package pdftex.def Info: sections/base_model/pics/robustness600_Fourier.pdf use
d on input line 239.
(pdftex.def)             Requested size: 292.69577pt x 249.33344pt.
 [56] [57 <./sections/base_model/pics/fig6a.pdf> <./sections/base_model/pics/ro
bustness600_Fourier.pdf>]) [58] (./sections/base_model/Sections/Perturb.tex [59
] [60] [61])
[62]) [63]
Chapter 4.
(./sections/meas/meas_sec.tex (./sections/meas/meas_intro.tex [64

] [65]
[66]) (./sections/meas/con_number.tex [67] [68] [69] [70] [71] [72] [73]
[74] [75] [76] [77]
Overfull \hbox (2.93881pt too wide) in paragraph at lines 174--175
[]\OT1/cmr/m/n/12 We be-gin by re-mark-ing that, for any $\OML/cmm/m/it/12 j; m
 \OMS/cmsy/m/n/12 2 \OT1/cmr/m/n/12 [\OML/cmm/m/it/12 d\OT1/cmr/m/n/12 ]$, the 
Cauchy-
 []

[78]
Overfull \hbox (11.31216pt too wide) in paragraph at lines 181--182
\OT1/cmr/m/n/12 If $\OML/cmm/m/it/12 K \OT1/cmr/m/n/12 = 2\OML/cmm/m/it/12 ^^N 
\OMS/cmsy/m/n/12 ^^@ \OT1/cmr/m/n/12 1$, then $[]$ is uni-tary, and the sin-gu-
lar val-ues of $\OML/cmm/m/it/12 M[]$ \OT1/cmr/m/n/12 are $\OMS/cmsy/m/n/12 f[]
[]\OML/cmm/m/it/12 f[]g[][]\OMS/cmsy/m/n/12 g[]$
 []

[79] [80] [81]) (./sections/meas/expl_span_fam.tex [82]
Overfull \hbox (20.37852pt too wide) in paragraph at lines 11--11
[][]\OT1/cmr/bx/n/12 Proposition 4. []\OT1/cmr/m/it/12 Given $\OML/cmm/m/it/12 
d \OMS/cmsy/m/n/12 2 \U/msb/m/n/12 N\OML/cmm/m/it/12 ; ^^N \OMS/cmsy/m/n/12 ^^T
 []\OML/cmm/m/it/12 ;$ \OT1/cmr/m/it/12 and $\OML/cmm/m/it/12 a \OMS/cmsy/m/n/1
2 2 \OT1/cmr/m/n/12 (0\OML/cmm/m/it/12 ; \OT1/cmr/m/n/12 1) \OMS/cmsy/m/n/12 [ 
\OT1/cmr/m/n/12 (1\OML/cmm/m/it/12 ; \OMS/cmsy/m/n/12 1\OT1/cmr/m/n/12 )\OML/cm
m/m/it/12 ;$ \OT1/cmr/m/it/12 we de-fine $\OMS/cmsy/m/n/12 f\OML/cmm/m/it/12 m[
]\OT1/cmr/m/n/12 (\OML/cmm/m/it/12 a\OT1/cmr/m/n/12 )\OMS/cmsy/m/n/12 g[]$
 []


Overfull \hbox (11.89029pt too wide) in paragraph at lines 16--17
[]\OT1/cmr/m/n/12 Fix $\OML/cmm/m/it/12 a > \OT1/cmr/m/n/12 1$. We be-gin by no
t-ing that $\OML/cmm/m/it/12 ^^M\OT1/cmr/m/n/12 (\OML/cmm/m/it/12 a\OT1/cmr/m/n
/12 ) = \OML/cmm/m/it/12 a[]S[]R^^M\OT1/cmr/m/n/12 (\OML/cmm/m/it/12 a[]\OT1/cm
r/m/n/12 )$,
 []

[83] [84] [85] [86] [87] [88] [89])

Package hyperref Warning: Token not allowed in a PDF string (PDFDocEncoding):
(hyperref)                removing `math shift' on input line 15.


Package hyperref Warning: Token not allowed in a PDF string (PDFDocEncoding):
(hyperref)                removing `math shift' on input line 15.

(./sections/meas/meas_expl_inv.tex [90]

Package hyperref Warning: Token not allowed in a PDF string (PDFDocEncoding):
(hyperref)                removing `math shift' on input line 3.


Package hyperref Warning: Token not allowed in a PDF string (PDFDocEncoding):
(hyperref)                removing `math shift' on input line 3.

[91] [92] [93]
Overfull \hbox (0.67424pt too wide) detected at line 34
\OMS/cmsy/m/n/12 A\OT1/cmr/m/n/12 (\OML/cmm/m/it/12 S[]XS[]\OT1/cmr/m/n/12 )[] 
= []\OML/cmm/m/it/12 S[]m[]m[]S[]; S[]XS[][] \OT1/cmr/m/n/12 = []\OML/cmm/m/it/
12 S[]m[]m[]S[]; X[] \OT1/cmr/m/n/12 = \OMS/cmsy/m/n/12 A\OT1/cmr/m/n/12 (\OML/
cmm/m/it/12 X\OT1/cmr/m/n/12 )[]\OML/cmm/m/it/12 ;
 []

[94] [95] [96]
Overfull \hbox (2.1405pt too wide) in paragraph at lines 52--52
[]\OT1/cmr/m/n/12 For con-ve-nience, through-out the re-main-der of the proof w
e will set $\OML/cmm/m/it/12 ^^_[] \OT1/cmr/m/n/12 = [](\OML/cmm/m/it/12 N; m\O
T1/cmr/m/n/12 )$
 []

[97]
Overfull \hbox (1.21686pt too wide) in paragraph at lines 52--53
\OMS/cmsy/m/n/12 N\OT1/cmr/m/n/12 (0\OML/cmm/m/it/12 ; []I[]\OT1/cmr/m/n/12 )\O
ML/cmm/m/it/12 ;$ \OT1/cmr/m/n/12 and $[](\OML/cmm/m/it/12 v[]\OT1/cmr/m/n/12 )
 \OMS/cmsy/m/n/12 ^^X N\OT1/cmr/m/n/12 (0\OML/cmm/m/it/12 ; []I[]\OT1/cmr/m/n/1
2 )$ for $\OML/cmm/m/it/12 m \OMS/cmsy/m/n/12 2 \OT1/cmr/m/n/12 [\OML/cmm/m/it/
12 ^^N \OMS/cmsy/m/n/12 ^^@ \OT1/cmr/m/n/12 1]$. There-fore, $\OML/cmm/m/it/12 
v[] [] []\OT1/cmr/m/n/12 (0\OML/cmm/m/it/12 ; ^^[[]I[]\OT1/cmr/m/n/12 )$
 []

[98]
Overfull \hbox (4.35492pt too wide) in paragraph at lines 57--57
[]\OT1/cmr/bx/n/14.4 Slight Im-prove-ment to Mag-ni-tude Es-ti-ma-tion Bounds 
 []

[99] [100]) (./sections/meas/span_fam_num.tex [101] [102]
<sections/meas/figs/exptable32.pdf, id=2283, 614.295pt x 794.97pt>
File: sections/meas/figs/exptable32.pdf Graphic file (type pdf)

<use sections/meas/figs/exptable32.pdf>
Package pdftex.def Info: sections/meas/figs/exptable32.pdf used on input line 1
4.
(pdftex.def)             Requested size: 205.39374pt x 168.81339pt.

<sections/meas/figs/expchart80.pdf, id=2284, 614.295pt x 794.97pt>
File: sections/meas/figs/expchart80.pdf Graphic file (type pdf)

<use sections/meas/figs/expchart80.pdf>
Package pdftex.def Info: sections/meas/figs/expchart80.pdf used on input line 2
0.
(pdftex.def)             Requested size: 205.39374pt x 168.81339pt.

<sections/meas/figs/flattable.pdf, id=2291, 614.295pt x 794.97pt>
File: sections/meas/figs/flattable.pdf Graphic file (type pdf)

<use sections/meas/figs/flattable.pdf>
Package pdftex.def Info: sections/meas/figs/flattable.pdf used on input line 34
.
(pdftex.def)             Requested size: 205.39374pt x 168.81339pt.

<sections/meas/figs/flatchart.pdf, id=2292, 614.295pt x 794.97pt>
File: sections/meas/figs/flatchart.pdf Graphic file (type pdf)

<use sections/meas/figs/flatchart.pdf>
Package pdftex.def Info: sections/meas/figs/flatchart.pdf used on input line 40
.
(pdftex.def)             Requested size: 205.39374pt x 168.81339pt.
 [103 <./sections/meas/figs/exptable32.pdf> <./sections/meas/figs/expchart80.pd
f>]
<sections/meas/figs/gaustable.pdf, id=2314, 614.295pt x 794.97pt>
File: sections/meas/figs/gaustable.pdf Graphic file (type pdf)

<use sections/meas/figs/gaustable.pdf>
Package pdftex.def Info: sections/meas/figs/gaustable.pdf used on input line 54
.
(pdftex.def)             Requested size: 205.39374pt x 168.81339pt.

<sections/meas/figs/gauschart.pdf, id=2315, 614.295pt x 794.97pt>
File: sections/meas/figs/gauschart.pdf Graphic file (type pdf)

<use sections/meas/figs/gauschart.pdf>
Package pdftex.def Info: sections/meas/figs/gauschart.pdf used on input line 60
.
(pdftex.def)             Requested size: 205.39374pt x 168.81339pt.
 [104 <./sections/meas/figs/flattable.pdf> <./sections/meas/figs/flatchart.pdf>
]
<sections/meas/figs/realvar.pdf, id=2338, 614.295pt x 794.97pt>
File: sections/meas/figs/realvar.pdf Graphic file (type pdf)

<use sections/meas/figs/realvar.pdf>
Package pdftex.def Info: sections/meas/figs/realvar.pdf used on input line 75.
(pdftex.def)             Requested size: 293.41507pt x 241.16483pt.
 [105 <./sections/meas/figs/gaustable.pdf> <./sections/meas/figs/gauschart.pdf>
] [106 <./sections/meas/figs/realvar.pdf>]
[107] <sections/meas/figs/expvar512.pdf, id=2382, 614.295pt x 794.97pt>
File: sections/meas/figs/expvar512.pdf Graphic file (type pdf)

<use sections/meas/figs/expvar512.pdf>
Package pdftex.def Info: sections/meas/figs/expvar512.pdf used on input line 90
.
(pdftex.def)             Requested size: 205.39374pt x 168.81339pt.

<sections/meas/figs/flatvar512.pdf, id=2383, 614.295pt x 794.97pt>
File: sections/meas/figs/flatvar512.pdf Graphic file (type pdf)

<use sections/meas/figs/flatvar512.pdf>
Package pdftex.def Info: sections/meas/figs/flatvar512.pdf used on input line 9
6.
(pdftex.def)             Requested size: 205.39374pt x 168.81339pt.

<sections/meas/figs/gausvar64.pdf, id=2384, 614.295pt x 794.97pt>
File: sections/meas/figs/gausvar64.pdf Graphic file (type pdf)

<use sections/meas/figs/gausvar64.pdf>
Package pdftex.def Info: sections/meas/figs/gausvar64.pdf used on input line 10
2.
(pdftex.def)             Requested size: 205.39374pt x 168.81339pt.
 [108 <./sections/meas/figs/expvar512.pdf> <./sections/meas/figs/flatvar512.pdf
> <./sections/meas/figs/gausvar64.pdf>]
[109] [110] <sections/meas/figs/realrand.pdf, id=2423, 614.295pt x 794.97pt>
File: sections/meas/figs/realrand.pdf Graphic file (type pdf)

<use sections/meas/figs/realrand.pdf>
Package pdftex.def Info: sections/meas/figs/realrand.pdf used on input line 129
.
(pdftex.def)             Requested size: 251.50227pt x 206.7127pt.

<sections/meas/figs/randgam64_5.pdf, id=2424, 614.295pt x 794.97pt>
File: sections/meas/figs/randgam64_5.pdf Graphic file (type pdf)

<use sections/meas/figs/randgam64_5.pdf>
Package pdftex.def Info: sections/meas/figs/randgam64_5.pdf used on input line 
138.
(pdftex.def)             Requested size: 205.39374pt x 168.81339pt.

<sections/meas/figs/randgam64_31.pdf, id=2425, 614.295pt x 794.97pt>
File: sections/meas/figs/randgam64_31.pdf Graphic file (type pdf)

<use sections/meas/figs/randgam64_31.pdf>
Package pdftex.def Info: sections/meas/figs/randgam64_31.pdf used on input line
 150.
(pdftex.def)             Requested size: 205.39374pt x 164.31416pt.

<sections/meas/figs/randgam202_100.pdf, id=2426, 614.295pt x 794.97pt>
File: sections/meas/figs/randgam202_100.pdf Graphic file (type pdf)

<use sections/meas/figs/randgam202_100.pdf>
Package pdftex.def Info: sections/meas/figs/randgam202_100.pdf used on input li
ne 156.
(pdftex.def)             Requested size: 205.39374pt x 168.81339pt.

<sections/meas/figs/randgam999_100.pdf, id=2427, 614.295pt x 794.97pt>
File: sections/meas/figs/randgam999_100.pdf Graphic file (type pdf)

<use sections/meas/figs/randgam999_100.pdf>
Package pdftex.def Info: sections/meas/figs/randgam999_100.pdf used on input li
ne 168.
(pdftex.def)             Requested size: 205.39374pt x 168.81339pt.
 [111 <./sections/meas/figs/realrand.pdf>] [112 <./sections/meas/figs/randgam64
_5.pdf> <./sections/meas/figs/randgam64_31.pdf> <./sections/meas/figs/randgam20
2_100.pdf> <./sections/meas/figs/randgam999_100.pdf>]
<sections/meas/figs/arbchart.png, id=2465, 578.16pt x 433.62pt>
File: sections/meas/figs/arbchart.png Graphic file (type png)

<use sections/meas/figs/arbchart.png>
Package pdftex.def Info: sections/meas/figs/arbchart.png used on input line 181
.
(pdftex.def)             Requested size: 293.41507pt x 220.05817pt.
 [113])) [114 <./sections/meas/figs/arbchart.png>]
Chapter 5.
(./sections/ang_sync/ang_sync_sec.tex (./sections/ang_sync/ang_sync_intro.tex
[115

] [116]) [117] (./sections/ang_sync/ang_sync_sdp.tex [118]
LaTeX Font Info:    Try loading font information for U+euf on input line 6.

(/usr/share/texlive/texmf-dist/tex/latex/amsfonts/ueuf.fd
File: ueuf.fd 2013/01/14 v3.01 Euler Fraktur
) [119] [120] [121]
[122] [123]

Package hyperref Warning: Token not allowed in a PDF string (PDFDocEncoding):
(hyperref)                removing `\new@ifnextchar' on input line 96.


Package hyperref Warning: Token not allowed in a PDF string (PDFDocEncoding):
(hyperref)                removing `subscript' on input line 96.


Package hyperref Warning: Token not allowed in a PDF string (PDFDocEncoding):
(hyperref)                removing `subscript' on input line 96.

[124] [125] [126] [127] [128] [129] [130])
(./sections/ang_sync/ang_sync_improve.tex [131] [132]

Package hyperref Warning: Token not allowed in a PDF string (PDFDocEncoding):
(hyperref)                removing `math shift' on input line 17.


Package hyperref Warning: Token not allowed in a PDF string (PDFDocEncoding):
(hyperref)                removing `\tau' on input line 17.


Package hyperref Warning: Token not allowed in a PDF string (PDFDocEncoding):
(hyperref)                removing `subscript' on input line 17.


Package hyperref Warning: Token not allowed in a PDF string (PDFDocEncoding):
(hyperref)                removing `math shift' on input line 17.


Package hyperref Warning: Token not allowed in a PDF string (PDFDocEncoding):
(hyperref)                removing `math shift' on input line 17.


Package hyperref Warning: Token not allowed in a PDF string (PDFDocEncoding):
(hyperref)                removing `\tau' on input line 17.


Package hyperref Warning: Token not allowed in a PDF string (PDFDocEncoding):
(hyperref)                removing `subscript' on input line 17.


Package hyperref Warning: Token not allowed in a PDF string (PDFDocEncoding):
(hyperref)                removing `\mathop' on input line 17.


Package hyperref Warning: Token not allowed in a PDF string (PDFDocEncoding):
(hyperref)                removing `\mathgroup' on input line 17.


Package hyperref Warning: Token not allowed in a PDF string (PDFDocEncoding):
(hyperref)                removing `\symoperators' on input line 17.


Package hyperref Warning: Token not allowed in a PDF string (PDFDocEncoding):
(hyperref)                removing `\nmlimits@' on input line 17.


Package hyperref Warning: Token not allowed in a PDF string (PDFDocEncoding):
(hyperref)                removing `\limits' on input line 17.


Package hyperref Warning: Token not allowed in a PDF string (PDFDocEncoding):
(hyperref)                removing `subscript' on input line 17.


Package hyperref Warning: Token not allowed in a PDF string (PDFDocEncoding):
(hyperref)                removing `\in' on input line 17.


Package hyperref Warning: Token not allowed in a PDF string (PDFDocEncoding):
(hyperref)                removing `\mathop' on input line 17.


Package hyperref Warning: Token not allowed in a PDF string (PDFDocEncoding):
(hyperref)                removing `\mathgroup' on input line 17.


Package hyperref Warning: Token not allowed in a PDF string (PDFDocEncoding):
(hyperref)                removing `\symoperators' on input line 17.


Package hyperref Warning: Token not allowed in a PDF string (PDFDocEncoding):
(hyperref)                removing `\@ifnextchar' on input line 17.


Package hyperref Warning: Token not allowed in a PDF string (PDFDocEncoding):
(hyperref)                removing `math shift' on input line 17.

[133] (./sections/ang_sync/taun_vs_taug_graph.tex [134] [135] [136])

Package hyperref Warning: Token not allowed in a PDF string (PDFDocEncoding):
(hyperref)                removing `\new@ifnextchar' on input line 40.


Package hyperref Warning: Token not allowed in a PDF string (PDFDocEncoding):
(hyperref)                removing `subscript' on input line 40.


Package hyperref Warning: Token not allowed in a PDF string (PDFDocEncoding):
(hyperref)                removing `subscript' on input line 40.

[137] [138]
Underfull \hbox (badness 10000) in paragraph at lines 79--80
[] []\OT1/cmr/m/n/12 Compute the Her-mi-tian ma-trix $\OML/cmm/m/it/12 X \OT1/c
mr/m/n/12 = [](\OMS/cmsy/m/n/12 Aj[]\OT1/cmr/m/n/12 )[]\OT1/cmr/bx/n/12 y[]\OML
/cmm/m/it/12 =\OT1/cmr/m/n/12 2 +
 []

[139] [140] [141] [142])) [143]
Chapter 6.
(./sections/ptychography/ptychography_sec.tex
(./sections/ptychography/ptych_intro.tex [144

] [145] [146])

Package hyperref Warning: Token not allowed in a PDF string (PDFDocEncoding):
(hyperref)                removing `math shift' on input line 5.


Package hyperref Warning: Token not allowed in a PDF string (PDFDocEncoding):
(hyperref)                removing `math shift' on input line 5.

(./sections/ptychography/con_number_ptych.tex [147] [148]
Overfull \hbox (10.91966pt too wide) in paragraph at lines 20--21
\OT1/cmr/m/n/12 Then $\OML/cmm/m/it/12 J[] \OMS/cmsy/m/n/12 2 \U/msb/m/n/12 C[]
$ \OT1/cmr/m/n/12 rep-re-sents an or-thog-o-nal ba-sis for $[]\OMS/cmsy/m/n/12 
f\OML/cmm/m/it/12 e[] \OT1/cmr/m/n/12 : \OML/cmm/m/it/12 i [] n \OMS/cmsy/m/n/1
2 2
 []


Overfull \hbox (16.58331pt too wide) in paragraph at lines 29--30
[][]$\OT1/cmr/m/n/12 . In-dex-ing block-wise, we have $[][](\OML/cmm/m/it/12 V\
OT1/cmr/m/n/12 )[] = \OML/cmm/m/it/12 V[]$\OT1/cmr/m/n/12 , so that $[][](\OML/
cmm/m/it/12 V\OT1/cmr/m/n/12 )[] =
 []

[149] [150]

Package hyperref Warning: Token not allowed in a PDF string (PDFDocEncoding):
(hyperref)                removing `math shift' on input line 53.


Package hyperref Warning: Token not allowed in a PDF string (PDFDocEncoding):
(hyperref)                removing `math shift' on input line 53.

[151] (./sections/ptychography/zero_cols.tex [152] [153]
Overfull \hbox (6.7104pt too wide) detected at line 106
\OMS/cmsy/m/n/12 D[]\OT1/cmr/m/n/12 (\OML/cmm/m/it/12 T[]\OT1/cmr/m/n/12 (\OML/
cmm/m/it/12 X\OT1/cmr/m/n/12 )) = [] = [] = \OML/cmm/m/it/12 NN[]\OMS/cmsy/m/n/
12 D[]\OT1/cmr/m/n/12 (\OML/cmm/m/it/12 X\OT1/cmr/m/n/12 )\OML/cmm/m/it/12 ;
 []

)
Overfull \hbox (7.03474pt too wide) detected at line 131
[][][] []
 []

[154] [155]) (./sections/ptychography/ptych_recovery.tex

LaTeX Warning: Reference `sec:ptcyh_num' on page 1 undefined on input line 5.

[156] [157] [158]
Underfull \hbox (badness 1946) in paragraph at lines 21--22
[] []\OT1/cmr/m/n/12 For $\OML/cmm/m/it/12 i \OMS/cmsy/m/n/12 2 \OT1/cmr/m/n/12
 [\OML/cmm/m/it/12 N\OT1/cmr/m/n/12 ]$, set $\OML/cmm/m/it/12 u[]$ \OT1/cmr/m/n
/12 to be the lead-ing eigen-vec-tor of $[]\OML/cmm/m/it/12 X[][] \OT1/cmr/m/n/
12 =
 []


Overfull \hbox (13.50162pt too wide) in paragraph at lines 26--27
\OT1/cmr/m/n/12 sense that $\OML/cmm/m/it/12 J[] \OT1/cmr/m/n/12 = [\OML/cmm/m/
it/12 m\OT1/cmr/m/n/12 ][]$ for $\OML/cmm/m/it/12 i \OT1/cmr/m/n/12 = 1\OML/cmm
/m/it/12 ; [] ; d$\OT1/cmr/m/n/12 , we will also write it as $[](\OML/cmm/m/it/
12 X; \OMS/cmsy/m/n/12 f\OT1/cmr/m/n/12 [\OML/cmm/m/it/12 m\OT1/cmr/m/n/12 ][]\
OMS/cmsy/m/n/12 g[]\OT1/cmr/m/n/12 ) =
 []

[159] [160]
Overfull \hbox (6.47626pt too wide) in paragraph at lines 53--53
\OT1/cmr/m/n/12 the term $([][] \OMS/cmsy/m/n/12 ^^@ \OML/cmm/m/it/12 X[]\OT1/c
mr/m/n/12 )[]$ ap-pears at most $[]\OMS/cmsy/m/n/12 f\OML/cmm/m/it/12 ^^V[]; ^^
V[]\OMS/cmsy/m/n/12 g$ \OT1/cmr/m/n/12 times, such that $[][][][][][][] \OMS/cm
sy/m/n/12 ^^@
 []

[161] [162] [163] [164]
Underfull \hbox (badness 2469) in paragraph at lines 121--122
[] []\OT1/cmr/m/n/12 For $\OML/cmm/m/it/12 i \OMS/cmsy/m/n/12 2 \OT1/cmr/m/n/12
 [\OML/cmm/m/it/12 N\OT1/cmr/m/n/12 ]$, set $\OML/cmm/m/it/12 x[]$ \OT1/cmr/m/n
/12 to be the lead-ing eigen-vec-tor of $\OML/cmm/m/it/12 X[] \OT1/cmr/m/n/12 =

 []

[165]) [166] (./sections/ptychography/ptych_num.tex)) [167]
Chapter 7.
(./sections/base_model/2d_base_model_sec.tex
(./sections/base_model/2D_Sections/2d_intro_rewrite.tex [168

] [169])
(./sections/base_model/2D_Sections/2d_method.tex [170]

Package hyperref Warning: Token not allowed in a PDF string (PDFDocEncoding):
(hyperref)                removing `math shift' on input line 35.


Package hyperref Warning: Token not allowed in a PDF string (PDFDocEncoding):
(hyperref)                removing `math shift' on input line 35.


Overfull \hbox (3.85786pt too wide) in paragraph at lines 59--59
[]\OT1/cmr/m/n/12 We ob-serve that the lo-cal sup-ports of $\OT1/cmr/bx/n/12 a[
]$ \OT1/cmr/m/n/12 and $\OT1/cmr/bx/n/12 b[]$ \OT1/cmr/m/n/12 en-sure that $\OM
S/cmsy/m/n/12 M\OT1/cmr/m/n/12 ([] [] [] [][]) =
 []

[171] [172]

Package hyperref Warning: Token not allowed in a PDF string (PDFDocEncoding):
(hyperref)                removing `math shift' on input line 85.


Package hyperref Warning: Token not allowed in a PDF string (PDFDocEncoding):
(hyperref)                removing `math shift' on input line 85.


Package hyperref Warning: Token not allowed in a PDF string (PDFDocEncoding):
(hyperref)                removing `math shift' on input line 85.


Package hyperref Warning: Token not allowed in a PDF string (PDFDocEncoding):
(hyperref)                removing `\setbox' on input line 85.


Package hyperref Warning: Token not allowed in a PDF string (PDFDocEncoding):
(hyperref)                removing `\z@' on input line 85.


Package hyperref Warning: Token not allowed in a PDF string (PDFDocEncoding):
(hyperref)                removing `\hbox' on input line 85.


Package hyperref Warning: Token not allowed in a PDF string (PDFDocEncoding):
(hyperref)                removing `\frozen@everymath' on input line 85.


Package hyperref Warning: Token not allowed in a PDF string (PDFDocEncoding):
(hyperref)                removing `\@emptytoks' on input line 85.


Package hyperref Warning: Token not allowed in a PDF string (PDFDocEncoding):
(hyperref)                removing `\mathsurround' on input line 85.


Package hyperref Warning: Token not allowed in a PDF string (PDFDocEncoding):
(hyperref)                removing `\z@' on input line 85.


Package hyperref Warning: Token not allowed in a PDF string (PDFDocEncoding):
(hyperref)                removing `math shift' on input line 85.


Package hyperref Warning: Token not allowed in a PDF string (PDFDocEncoding):
(hyperref)                removing `\nulldelimiterspace' on input line 85.


Package hyperref Warning: Token not allowed in a PDF string (PDFDocEncoding):
(hyperref)                removing `\z@' on input line 85.


Package hyperref Warning: Token not allowed in a PDF string (PDFDocEncoding):
(hyperref)                removing `\left' on input line 85.


Package hyperref Warning: Token not allowed in a PDF string (PDFDocEncoding):
(hyperref)                removing `\vcenter' on input line 85.


Package hyperref Warning: Token not allowed in a PDF string (PDFDocEncoding):
(hyperref)                removing `\@ne' on input line 85.


Package hyperref Warning: Token not allowed in a PDF string (PDFDocEncoding):
(hyperref)                removing `\big@size' on input line 85.


Package hyperref Warning: Token not allowed in a PDF string (PDFDocEncoding):
(hyperref)                removing `\right' on input line 85.


Package hyperref Warning: Token not allowed in a PDF string (PDFDocEncoding):
(hyperref)                removing `math shift' on input line 85.


Package hyperref Warning: Token not allowed in a PDF string (PDFDocEncoding):
(hyperref)                removing `\box' on input line 85.


Package hyperref Warning: Token not allowed in a PDF string (PDFDocEncoding):
(hyperref)                removing `\z@' on input line 85.


Package hyperref Warning: Token not allowed in a PDF string (PDFDocEncoding):
(hyperref)                removing `subscript' on input line 85.


Package hyperref Warning: Token not allowed in a PDF string (PDFDocEncoding):
(hyperref)                removing `math shift' on input line 85.

[173] [174]

Package hyperref Warning: Token not allowed in a PDF string (PDFDocEncoding):
(hyperref)                removing `math shift' on input line 124.


Package hyperref Warning: Token not allowed in a PDF string (PDFDocEncoding):
(hyperref)                removing `math shift' on input line 124.


Package hyperref Warning: Token not allowed in a PDF string (PDFDocEncoding):
(hyperref)                removing `math shift' on input line 124.


Package hyperref Warning: Token not allowed in a PDF string (PDFDocEncoding):
(hyperref)                removing `\setbox' on input line 124.


Package hyperref Warning: Token not allowed in a PDF string (PDFDocEncoding):
(hyperref)                removing `\z@' on input line 124.


Package hyperref Warning: Token not allowed in a PDF string (PDFDocEncoding):
(hyperref)                removing `\hbox' on input line 124.


Package hyperref Warning: Token not allowed in a PDF string (PDFDocEncoding):
(hyperref)                removing `\frozen@everymath' on input line 124.


Package hyperref Warning: Token not allowed in a PDF string (PDFDocEncoding):
(hyperref)                removing `\@emptytoks' on input line 124.


Package hyperref Warning: Token not allowed in a PDF string (PDFDocEncoding):
(hyperref)                removing `\mathsurround' on input line 124.


Package hyperref Warning: Token not allowed in a PDF string (PDFDocEncoding):
(hyperref)                removing `\z@' on input line 124.


Package hyperref Warning: Token not allowed in a PDF string (PDFDocEncoding):
(hyperref)                removing `math shift' on input line 124.


Package hyperref Warning: Token not allowed in a PDF string (PDFDocEncoding):
(hyperref)                removing `\nulldelimiterspace' on input line 124.


Package hyperref Warning: Token not allowed in a PDF string (PDFDocEncoding):
(hyperref)                removing `\z@' on input line 124.


Package hyperref Warning: Token not allowed in a PDF string (PDFDocEncoding):
(hyperref)                removing `\left' on input line 124.


Package hyperref Warning: Token not allowed in a PDF string (PDFDocEncoding):
(hyperref)                removing `\vcenter' on input line 124.


Package hyperref Warning: Token not allowed in a PDF string (PDFDocEncoding):
(hyperref)                removing `\@ne' on input line 124.


Package hyperref Warning: Token not allowed in a PDF string (PDFDocEncoding):
(hyperref)                removing `\big@size' on input line 124.


Package hyperref Warning: Token not allowed in a PDF string (PDFDocEncoding):
(hyperref)                removing `\right' on input line 124.


Package hyperref Warning: Token not allowed in a PDF string (PDFDocEncoding):
(hyperref)                removing `math shift' on input line 124.


Package hyperref Warning: Token not allowed in a PDF string (PDFDocEncoding):
(hyperref)                removing `\box' on input line 124.


Package hyperref Warning: Token not allowed in a PDF string (PDFDocEncoding):
(hyperref)                removing `\z@' on input line 124.


Package hyperref Warning: Token not allowed in a PDF string (PDFDocEncoding):
(hyperref)                removing `subscript' on input line 124.


Package hyperref Warning: Token not allowed in a PDF string (PDFDocEncoding):
(hyperref)                removing `math shift' on input line 124.

) [175] (./sections/base_model/2D_Sections/2d_num.tex
<sections/base_model/2d_figs/true_ucsd.jpeg, id=3279, 256.96pt x 256.96pt>
File: sections/base_model/2d_figs/true_ucsd.jpeg Graphic file (type jpg)

<use sections/base_model/2d_figs/true_ucsd.jpeg>
Package pdftex.def Info: sections/base_model/2d_figs/true_ucsd.jpeg used on inp
ut line 7.
(pdftex.def)             Requested size: 192.71951pt x 192.71951pt.

<sections/base_model/2d_figs/recon_ucsd.jpeg, id=3280, 256.96pt x 256.96pt>
File: sections/base_model/2d_figs/recon_ucsd.jpeg Graphic file (type jpg)

<use sections/base_model/2d_figs/recon_ucsd.jpeg>
Package pdftex.def Info: sections/base_model/2d_figs/recon_ucsd.jpeg used on in
put line 14.
(pdftex.def)             Requested size: 192.71951pt x 192.71951pt.

<sections/base_model/2d_figs/true.jpeg, id=3281, 256.96pt x 256.96pt>
File: sections/base_model/2d_figs/true.jpeg Graphic file (type jpg)

<use sections/base_model/2d_figs/true.jpeg>
Package pdftex.def Info: sections/base_model/2d_figs/true.jpeg used on input li
ne 21.
(pdftex.def)             Requested size: 192.71951pt x 192.71951pt.

<sections/base_model/2d_figs/recon.jpeg, id=3282, 256.96pt x 256.96pt>
File: sections/base_model/2d_figs/recon.jpeg Graphic file (type jpg)

<use sections/base_model/2d_figs/recon.jpeg>
Package pdftex.def Info: sections/base_model/2d_figs/recon.jpeg used on input l
ine 28.
(pdftex.def)             Requested size: 192.71951pt x 192.71951pt.
 [176] [177 <./sections/base_model/2d_figs/true_ucsd.jpeg> <./sections/base_mod
el/2d_figs/recon_ucsd.jpeg> <./sections/base_model/2d_figs/true.jpeg> <./sectio
ns/base_model/2d_figs/recon.jpeg>]
Overfull \hbox (14.4323pt too wide) detected at line 45
[][]\OT1/cmr/m/n/12 (\OML/cmm/m/it/12 dB\OT1/cmr/m/n/12 ) = 10 [][] [] \OML/cmm
/m/it/12 ;  [] \OT1/cmr/m/n/12 = 10 [][] [] \OML/cmm/m/it/12 :
 []

<sections/base_model/2d_figs/etime.pdf, id=3299, 614.295pt x 794.97pt>
File: sections/base_model/2d_figs/etime.pdf Graphic file (type pdf)

<use sections/base_model/2d_figs/etime.pdf>
Package pdftex.def Info: sections/base_model/2d_figs/etime.pdf used on input li
ne 57.
(pdftex.def)             Requested size: 264.3281pt x 178.86882pt.

Overfull \hbox (56.84288pt too wide) in paragraph at lines 57--58
 [][] 
 []

<sections/base_model/2d_figs/noise_alt.pdf, id=3301, 614.295pt x 794.97pt>
File: sections/base_model/2d_figs/noise_alt.pdf Graphic file (type pdf)

<use sections/base_model/2d_figs/noise_alt.pdf>
Package pdftex.def Info: sections/base_model/2d_figs/noise_alt.pdf used on inpu
t line 65.
(pdftex.def)             Requested size: 276.34001pt x 197.38593pt.

Overfull \hbox (68.8548pt too wide) in paragraph at lines 65--66
 [][] 
 []

) (./sections/base_model/2D_Sections/2d_recov.tex [178] [179 <./sections/base_m
odel/2d_figs/etime.pdf> <./sections/base_model/2d_figs/noise_alt.pdf>] [180]
[181] [182] [183])) (./sections/appendix/appendix.tex [184]
Appendix A.

Package hyperref Warning: Token not allowed in a PDF string (PDFDocEncoding):
(hyperref)                removing `math shift' on input line 1.


Package hyperref Warning: Token not allowed in a PDF string (PDFDocEncoding):
(hyperref)                removing `superscript' on input line 1.


Package hyperref Warning: Token not allowed in a PDF string (PDFDocEncoding):
(hyperref)                removing `math shift' on input line 1.

(./sections/appendix/gam_span.tex [185

] [186]
Overfull \hbox (4.11017pt too wide) in paragraph at lines 31--31
[]\OT1/cmr/m/n/12 We set $\OML/cmm/m/it/12 ^^U[] \OT1/cmr/m/n/12 = (\OML/cmm/m/
it/12 Fv\OT1/cmr/m/n/12 )[]$, and re-call-ing that $[](\OML/cmm/m/it/12 v\OT1/c
mr/m/n/12 ) = \OML/cmm/m/it/12 F []\OT1/cmr/m/n/12 (\OML/cmm/m/it/12 Fv\OT1/cmr
/m/n/12 )\OML/cmm/m/it/12 F[]$\OT1/cmr/m/n/12 ,
 []

[187] [188] [189] [190]) [191]
Appendix B.
(./sections/appendix/nearflat_more.tex [192

] [193]
Overfull \hbox (1.58586pt too wide) in paragraph at lines 35--35
\OMS/cmsy/m/n/12 ^^@\OT1/cmr/m/n/12 7\OML/cmm/m/it/12 =\OT1/cmr/m/n/12 16$ is t
he ab-so-lute min-i-mum of $[]$. We then ob-serve, cit-ing [] of Lemma [][]27[]
[],
 []

) [194]
Appendix C.
(./sections/appendix/vec_sync.tex [195

] [196]
Overfull \hbox (6.5205pt too wide) in paragraph at lines 11--12
[]\OT1/cmr/m/n/12 The end goal of this propo-si-tion is, set-ting $[] = []$ and
 $\OML/cmm/m/it/12 V \OT1/cmr/m/n/12 = []$,
 []

[197] [198] [199] [200])) (./preskitt_dissertation.bbl [201] [202

] [203]
Missing character: There is no  in font cmr12!
Missing character: There is no  in font cmr12!

[204]
Missing character: There is no  in font cmr12!
Missing character: There is no  in font cmr12!
 [205]
Missing character: There is no  in font cmr12!
Missing character: There is no  in font cmr12!
Missing character: There is no  in font cmr12!
 [206]
Missing character: There is no  in font cmti12!
Missing character: There is no  in font cmti12!
Missing character: There is no  in font cmr12!
Missing character: There is no  in font cmr12!
 [207]
Missing character: There is no  in font cmr12!
Missing character: There is no  in font cmr12!
 [208] [209] [210] [211] [212] [213])

Package natbib Warning: There were undefined citations.

[214]
Package atveryend Info: Empty hook `BeforeClearDocument' on input line 246.
Package atveryend Info: Empty hook `AfterLastShipout' on input line 246.
 (./preskitt_dissertation.aux)
Package atveryend Info: Executing hook `AtVeryEndDocument' on input line 246.
Package atveryend Info: Executing hook `AtEndAfterFileList' on input line 246.
Package rerunfilecheck Info: File `preskitt_dissertation.out' has not changed.
(rerunfilecheck)             Checksum: B6BC886C3B024D5FB13A83B22191B0FD;7397.


LaTeX Warning: There were undefined references.


LaTeX Warning: There were multiply-defined labels.

 ) 
Here is how much of TeX's memory you used:
 32134 strings out of 494953
 604954 string characters out of 6180978
 651629 words of memory out of 5000000
 34069 multiletter control sequences out of 15000+600000
 27057 words of font info for 109 fonts, out of 8000000 for 9000
 14 hyphenation exceptions out of 8191
 55i,19n,77p,10407b,1062s stack positions out of 5000i,500n,10000p,200000b,80000s
 </home/bpreskitt/.texmf-var/fonts/pk/ljfour/public/bbm/bbm7.600pk> </home/bp
reskitt/.texmf-var/fonts/pk/ljfour/public/bbm/bbm6.600pk> </home/bpreskitt/.tex
mf-var/fonts/pk/ljfour/public/bbm/bbm10.600pk> </home/bpreskitt/.texmf-var/font
s/pk/ljfour/public/bbm/bbm8.600pk> </home/bpreskitt/.texmf-var/fonts/pk/ljfour/
public/bbm/bbm12.600pk></usr/share/texlive/texmf-dist/fonts/type1/public/amsfon
ts/cm/cmbx10.pfb></usr/share/texlive/texmf-dist/fonts/type1/public/amsfonts/cm/
cmbx12.pfb></usr/share/texlive/texmf-dist/fonts/type1/public/amsfonts/cm/cmbx7.
pfb></usr/share/texlive/texmf-dist/fonts/type1/public/amsfonts/cm/cmbx8.pfb></u
sr/share/texlive/texmf-dist/fonts/type1/public/amsfonts/cm/cmex10.pfb></usr/sha
re/texlive/texmf-dist/fonts/type1/public/amsfonts/cmextra/cmex8.pfb></usr/share
/texlive/texmf-dist/fonts/type1/public/amsfonts/cm/cmmi10.pfb></usr/share/texli
ve/texmf-dist/fonts/type1/public/amsfonts/cm/cmmi12.pfb></usr/share/texlive/tex
mf-dist/fonts/type1/public/amsfonts/cm/cmmi5.pfb></usr/share/texlive/texmf-dist
/fonts/type1/public/amsfonts/cm/cmmi6.pfb></usr/share/texlive/texmf-dist/fonts/
type1/public/amsfonts/cm/cmmi7.pfb></usr/share/texlive/texmf-dist/fonts/type1/p
ublic/amsfonts/cm/cmmi8.pfb></usr/share/texlive/texmf-dist/fonts/type1/public/a
msfonts/cm/cmr10.pfb></usr/share/texlive/texmf-dist/fonts/type1/public/amsfonts
/cm/cmr12.pfb></usr/share/texlive/texmf-dist/fonts/type1/public/amsfonts/cm/cmr
17.pfb></usr/share/texlive/texmf-dist/fonts/type1/public/amsfonts/cm/cmr5.pfb><
/usr/share/texlive/texmf-dist/fonts/type1/public/amsfonts/cm/cmr6.pfb></usr/sha
re/texlive/texmf-dist/fonts/type1/public/amsfonts/cm/cmr7.pfb></usr/share/texli
ve/texmf-dist/fonts/type1/public/amsfonts/cm/cmr8.pfb></usr/share/texlive/texmf
-dist/fonts/type1/public/amsfonts/cm/cmsy10.pfb></usr/share/texlive/texmf-dist/
fonts/type1/public/amsfonts/cm/cmsy5.pfb></usr/share/texlive/texmf-dist/fonts/t
ype1/public/amsfonts/cm/cmsy6.pfb></usr/share/texlive/texmf-dist/fonts/type1/pu
blic/amsfonts/cm/cmsy7.pfb></usr/share/texlive/texmf-dist/fonts/type1/public/am
sfonts/cm/cmsy8.pfb></usr/share/texlive/texmf-dist/fonts/type1/public/amsfonts/
cm/cmti10.pfb></usr/share/texlive/texmf-dist/fonts/type1/public/amsfonts/cm/cmt
i12.pfb></usr/share/texlive/texmf-dist/fonts/type1/public/amsfonts/cm/cmti8.pfb
></usr/share/texlive/texmf-dist/fonts/type1/public/amsfonts/cm/cmtt12.pfb></usr
/share/texlive/texmf-dist/fonts/type1/public/amsfonts/euler/eufm10.pfb></usr/sh
are/texlive/texmf-dist/fonts/type1/public/amsfonts/symbols/msam10.pfb></usr/sha
re/texlive/texmf-dist/fonts/type1/public/amsfonts/symbols/msbm10.pfb>
Output written on preskitt_dissertation.pdf (228 pages, 2048473 bytes).
PDF statistics:
 4091 PDF objects out of 4296 (max. 8388607)
 3680 compressed objects within 37 object streams
 740 named destinations out of 1000 (max. 500000)
 1015 words of extra memory for PDF output out of 10000 (max. 10000000)

